{
  "stats": {
    "suites": 1,
    "tests": 2,
    "passes": 1,
    "pending": 0,
    "failures": 1,
    "start": "2021-11-20T17:05:38.539Z",
    "end": "2021-11-20T17:06:34.982Z",
    "duration": 56443,
    "testsRegistered": 2,
    "passPercent": 50,
    "pendingPercent": 0,
    "other": 0,
    "hasOther": false,
    "skipped": 0,
    "hasSkipped": false
  },
  "results": [
    {
      "uuid": "0ad657de-25ea-4320-abcb-4f3f4dc1b4db",
      "title": "",
      "fullFile": "cypress/integration/Tumbler/UserAuths.spec.js",
      "file": "cypress/integration/Tumbler/UserAuths.spec.js",
      "beforeHooks": [],
      "afterHooks": [],
      "tests": [],
      "suites": [
        {
          "uuid": "1b290dee-632a-4ef1-a3ff-46249e1f03a8",
          "title": "Authorizations",
          "fullFile": "",
          "file": "",
          "beforeHooks": [],
          "afterHooks": [],
          "tests": [
            {
              "title": "access blog without sign in",
              "fullTitle": "Authorizations access blog without sign in",
              "timedOut": null,
              "duration": 12019,
              "state": "passed",
              "speed": "slow",
              "pass": true,
              "fail": false,
              "pending": false,
              "context": null,
              "code": "cy.visit(blogLink);\n(0, _pageassertion.noAuth)();",
              "err": {},
              "uuid": "eedd9a57-6dbd-4b7b-8b08-e087b50fb1ea",
              "parentUUID": "1b290dee-632a-4ef1-a3ff-46249e1f03a8",
              "isHook": false,
              "skipped": false
            },
            {
              "title": "sign in and access different blog",
              "fullTitle": "Authorizations sign in and access different blog",
              "timedOut": null,
              "duration": 38077,
              "state": "failed",
              "speed": null,
              "pass": false,
              "fail": true,
              "pending": false,
              "context": null,
              "code": "LoginPOM.loginButton().click({\n  force: true\n});\nfillEmailAndPassword(email, password);\ncy.visit(blogLink);\n(0, _pageassertion.noAuth)();",
              "err": {
                "message": "AssertionError: Timed out retrying after 30000ms: Too many elements found. Found '1', expected '0'.",
                "estack": "AssertionError: Timed out retrying after 30000ms: Too many elements found. Found '1', expected '0'.\n    at ./cypress/Utils/log in/pageassertion.js.module.exports.noAuth (https://www.tumblr.com/__cypress/tests?p=cypress\\integration\\Tumbler\\UserAuths.spec.js:200:23)\n    at Context.eval (https://www.tumblr.com/__cypress/tests?p=cypress\\integration\\Tumbler\\UserAuths.spec.js:264:31)",
                "diff": null
              },
              "uuid": "50e7bf71-95a0-46bf-aa82-6a91fd9a2fcd",
              "parentUUID": "1b290dee-632a-4ef1-a3ff-46249e1f03a8",
              "isHook": false,
              "skipped": false
            }
          ],
          "suites": [],
          "passes": [
            "eedd9a57-6dbd-4b7b-8b08-e087b50fb1ea"
          ],
          "failures": [
            "50e7bf71-95a0-46bf-aa82-6a91fd9a2fcd"
          ],
          "pending": [],
          "skipped": [],
          "duration": 50096,
          "root": false,
          "rootEmpty": false,
          "_timeout": 2000
        }
      ],
      "passes": [],
      "failures": [],
      "pending": [],
      "skipped": [],
      "duration": 0,
      "root": true,
      "rootEmpty": true,
      "_timeout": 2000
    }
  ],
  "meta": {
    "mocha": {
      "version": "7.0.1"
    },
    "mochawesome": {
      "options": {
        "quiet": false,
        "reportFilename": "mochawesome",
        "saveHtml": true,
        "saveJson": true,
        "consoleReporter": "spec",
        "useInlineDiffs": false,
        "code": true
      },
      "version": "7.0.1"
    },
    "marge": {
      "options": {
        "id": "default",
        "reportDir": "cypress/reports/mocha",
        "quite": true,
        "overwrite": false,
        "video": true,
        "html": true,
        "json": true
      },
      "version": "6.0.1"
    }
  }
}