{
  "stats": {
    "suites": 1,
    "tests": 1,
    "passes": 0,
    "pending": 0,
    "failures": 1,
    "start": "2021-11-20T16:55:45.812Z",
    "end": "2021-11-20T16:56:48.516Z",
    "duration": 62704,
    "testsRegistered": 1,
    "passPercent": 0,
    "pendingPercent": 0,
    "other": 0,
    "hasOther": false,
    "skipped": 0,
    "hasSkipped": false
  },
  "results": [
    {
      "uuid": "a56c7476-9b17-46a5-ac09-e4f5bc81339a",
      "title": "",
      "fullFile": "cypress/integration/Tumbler/HelpCenter.spec.js",
      "file": "cypress/integration/Tumbler/HelpCenter.spec.js",
      "beforeHooks": [],
      "afterHooks": [],
      "tests": [],
      "suites": [
        {
          "uuid": "32240a65-d44f-479d-9313-a7ac780e0ef2",
          "title": "Help center",
          "fullFile": "",
          "file": "",
          "beforeHooks": [],
          "afterHooks": [],
          "tests": [
            {
              "title": "access blog without sign in",
              "fullTitle": "Help center access blog without sign in",
              "timedOut": null,
              "duration": 56255,
              "state": "failed",
              "speed": null,
              "pass": false,
              "fail": true,
              "pending": false,
              "context": null,
              "code": "/*\ncy.visit('https://www.tumblr.com/');\n\nLoginPOM = new Login();\n  cy.fixture('userAuthData').then((user) => {\n    email = user.email;\n    password = user.password;\n});\n  LoginPOM.loginButton().click({force:true});\n  fillEmailAndPassword(\"ziad.yousef00@eng-st.cu.edu.eg\",\"6102000z\");\n      cy.get('button[aria-label = \"Account\"]').click();\ncy.get('a[href=\"/help\"]').click();\n*/\ncy.visit('https://tumblr.zendesk.com/hc/en-us#');\ncy.get('a[class=\"article-list-link\"]').each($el => {\n  cy.wrap($el).click();\n  cy.contains(helpPageContent).should(\"be.visible\");\n});",
              "err": {
                "message": "AssertionError: Timed out retrying after 30000ms: Expected to find element: `a[class=\"article-list-link\"]`, but never found it.",
                "estack": "AssertionError: Timed out retrying after 30000ms: Expected to find element: `a[class=\"article-list-link\"]`, but never found it.\n    at Context.eval (https://tumblr.zendesk.com/__cypress/tests?p=cypress\\integration\\Tumbler\\HelpCenter.spec.js:185:8)",
                "diff": null
              },
              "uuid": "f2105f05-9d7c-4d13-889e-dfd7552e2419",
              "parentUUID": "32240a65-d44f-479d-9313-a7ac780e0ef2",
              "isHook": false,
              "skipped": false
            }
          ],
          "suites": [],
          "passes": [],
          "failures": [
            "f2105f05-9d7c-4d13-889e-dfd7552e2419"
          ],
          "pending": [],
          "skipped": [],
          "duration": 56255,
          "root": false,
          "rootEmpty": false,
          "_timeout": 2000
        }
      ],
      "passes": [],
      "failures": [],
      "pending": [],
      "skipped": [],
      "duration": 0,
      "root": true,
      "rootEmpty": true,
      "_timeout": 2000
    }
  ],
  "meta": {
    "mocha": {
      "version": "7.0.1"
    },
    "mochawesome": {
      "options": {
        "quiet": false,
        "reportFilename": "mochawesome",
        "saveHtml": true,
        "saveJson": true,
        "consoleReporter": "spec",
        "useInlineDiffs": false,
        "code": true
      },
      "version": "7.0.1"
    },
    "marge": {
      "options": {
        "id": "default",
        "reportDir": "cypress/reports/mocha",
        "quite": true,
        "overwrite": false,
        "video": true,
        "html": true,
        "json": true
      },
      "version": "6.0.1"
    }
  }
}