{
  "stats": {
    "suites": 1,
    "tests": 11,
    "passes": 9,
    "pending": 0,
    "failures": 2,
    "start": "2021-11-20T17:02:31.748Z",
    "end": "2021-11-20T17:04:17.947Z",
    "duration": 106199,
    "testsRegistered": 11,
    "passPercent": 81.81818181818183,
    "pendingPercent": 0,
    "other": 0,
    "hasOther": false,
    "skipped": 0,
    "hasSkipped": false
  },
  "results": [
    {
      "uuid": "c07d2ba0-b0e2-4769-8645-714c52f5f006",
      "title": "",
      "fullFile": "cypress/integration/Tumbler/Signup.spec.js",
      "file": "cypress/integration/Tumbler/Signup.spec.js",
      "beforeHooks": [],
      "afterHooks": [],
      "tests": [],
      "suites": [
        {
          "uuid": "f9da8e6f-8bf3-4461-aac5-65757e41bd15",
          "title": "Signup",
          "fullFile": "",
          "file": "",
          "beforeHooks": [],
          "afterHooks": [],
          "tests": [
            {
              "title": "signup with empty email",
              "fullTitle": "Signup signup with empty email",
              "timedOut": null,
              "duration": 4095,
              "state": "passed",
              "speed": "fast",
              "pass": true,
              "fail": false,
              "pending": false,
              "context": null,
              "code": "SignupPOM.signupButton().click({\n  force: true\n});\nfillSignupData(\"\", password, blogName);\nfailAssertions(emptyEmailMessage);",
              "err": {},
              "uuid": "2ae66b81-f430-4f23-8e22-317fc0cb816a",
              "parentUUID": "f9da8e6f-8bf3-4461-aac5-65757e41bd15",
              "isHook": false,
              "skipped": false
            },
            {
              "title": "signup with empty password",
              "fullTitle": "Signup signup with empty password",
              "timedOut": null,
              "duration": 3563,
              "state": "passed",
              "speed": "fast",
              "pass": true,
              "fail": false,
              "pending": false,
              "context": null,
              "code": "SignupPOM.signupButton().click({\n  force: true\n});\nfillSignupData(email, \"\", blogName);\nfailAssertions(emptyPasswordMessage);",
              "err": {},
              "uuid": "00ff7898-0be5-4b6a-8e8d-6138153402c7",
              "parentUUID": "f9da8e6f-8bf3-4461-aac5-65757e41bd15",
              "isHook": false,
              "skipped": false
            },
            {
              "title": "signup with empty blog name",
              "fullTitle": "Signup signup with empty blog name",
              "timedOut": null,
              "duration": 3192,
              "state": "passed",
              "speed": "fast",
              "pass": true,
              "fail": false,
              "pending": false,
              "context": null,
              "code": "SignupPOM.signupButton().click({\n  force: true\n});\nfillSignupData(email, password, \"\");\nfailAssertions(emptyBlogNameMessage);",
              "err": {},
              "uuid": "90cbc017-5ce5-44c2-b452-dac685acfedf",
              "parentUUID": "f9da8e6f-8bf3-4461-aac5-65757e41bd15",
              "isHook": false,
              "skipped": false
            },
            {
              "title": "signup with empty email and password",
              "fullTitle": "Signup signup with empty email and password",
              "timedOut": null,
              "duration": 2939,
              "state": "passed",
              "speed": "fast",
              "pass": true,
              "fail": false,
              "pending": false,
              "context": null,
              "code": "SignupPOM.signupButton().click({\n  force: true\n});\nfillSignupData(\"\", \"\", blogName);\nfailAssertions(emptyEmailMessage);",
              "err": {},
              "uuid": "5291c5e6-3102-4283-91ec-2d22c4166602",
              "parentUUID": "f9da8e6f-8bf3-4461-aac5-65757e41bd15",
              "isHook": false,
              "skipped": false
            },
            {
              "title": "signup with empty email and blog name",
              "fullTitle": "Signup signup with empty email and blog name",
              "timedOut": null,
              "duration": 3220,
              "state": "passed",
              "speed": "fast",
              "pass": true,
              "fail": false,
              "pending": false,
              "context": null,
              "code": "SignupPOM.signupButton().click({\n  force: true\n});\nfillSignupData(\"\", password, \"\");\nfailAssertions(emptyEmailMessage);",
              "err": {},
              "uuid": "9862ea46-75f6-44a5-9e69-160d19df9104",
              "parentUUID": "f9da8e6f-8bf3-4461-aac5-65757e41bd15",
              "isHook": false,
              "skipped": false
            },
            {
              "title": "signup with empty password and blog name",
              "fullTitle": "Signup signup with empty password and blog name",
              "timedOut": null,
              "duration": 2659,
              "state": "passed",
              "speed": "fast",
              "pass": true,
              "fail": false,
              "pending": false,
              "context": null,
              "code": "SignupPOM.signupButton().click({\n  force: true\n});\nfillSignupData(email, \"\", \"\");\nfailAssertions(emptyPasswordMessage);",
              "err": {},
              "uuid": "4a48af90-2637-41ca-8ca9-00ed1fe35d05",
              "parentUUID": "f9da8e6f-8bf3-4461-aac5-65757e41bd15",
              "isHook": false,
              "skipped": false
            },
            {
              "title": "signup with empty data",
              "fullTitle": "Signup signup with empty data",
              "timedOut": null,
              "duration": 1746,
              "state": "passed",
              "speed": "fast",
              "pass": true,
              "fail": false,
              "pending": false,
              "context": null,
              "code": "SignupPOM.signupButton().click({\n  force: true\n});\nfillSignupData(\"\", \"\", \"\");\nfailAssertions(emptyEmailPasswordAndBlogNameMessage);",
              "err": {},
              "uuid": "9cfe568b-c892-4270-9a6d-c716ba2b7a05",
              "parentUUID": "f9da8e6f-8bf3-4461-aac5-65757e41bd15",
              "isHook": false,
              "skipped": false
            },
            {
              "title": "signup taken email",
              "fullTitle": "Signup signup taken email",
              "timedOut": null,
              "duration": 3685,
              "state": "passed",
              "speed": "fast",
              "pass": true,
              "fail": false,
              "pending": false,
              "context": null,
              "code": "SignupPOM.signupButton().click({\n  force: true\n});\nfillSignupData(takenEmail, password, blogName);\nfailAssertions(takenEmailMessage);",
              "err": {},
              "uuid": "9e969a70-85d1-4a60-bcc0-1eede05282c3",
              "parentUUID": "f9da8e6f-8bf3-4461-aac5-65757e41bd15",
              "isHook": false,
              "skipped": false
            },
            {
              "title": "signup invalid email",
              "fullTitle": "Signup signup invalid email",
              "timedOut": null,
              "duration": 4744,
              "state": "passed",
              "speed": "fast",
              "pass": true,
              "fail": false,
              "pending": false,
              "context": null,
              "code": "SignupPOM.signupButton().click({\n  force: true\n});\nfillSignupData(\"lsdfnfgd.com\", password, blogName);\nfailAssertions(invalidEmailMessage);",
              "err": {},
              "uuid": "3da8adf5-07ae-4fd5-b9d4-8b45ec131f03",
              "parentUUID": "f9da8e6f-8bf3-4461-aac5-65757e41bd15",
              "isHook": false,
              "skipped": false
            },
            {
              "title": "signup valid info but invalid age",
              "fullTitle": "Signup signup valid info but invalid age",
              "timedOut": null,
              "duration": 35368,
              "state": "failed",
              "speed": null,
              "pass": false,
              "fail": true,
              "pending": false,
              "context": null,
              "code": "SignupPOM.signupButton().click({\n  force: true\n});\nfillSignupData(email, password, blogName);\nsuccessAssertions();\nageEntry(10);",
              "err": {
                "message": "AssertionError: Timed out retrying after 30000ms: Expected not to find content: 'Sign up' but continuously found it.",
                "estack": "AssertionError: Timed out retrying after 30000ms: Expected not to find content: 'Sign up' but continuously found it.\n    at successAssertions (https://www.tumblr.com/__cypress/tests?p=cypress\\integration\\Tumbler\\Signup.spec.js:193:26)\n    at Context.eval (https://www.tumblr.com/__cypress/tests?p=cypress\\integration\\Tumbler\\Signup.spec.js:304:5)",
                "diff": null
              },
              "uuid": "ed4df107-650a-4e58-8d3d-6d41075e4a53",
              "parentUUID": "f9da8e6f-8bf3-4461-aac5-65757e41bd15",
              "isHook": false,
              "skipped": false
            },
            {
              "title": "signup valid info and age",
              "fullTitle": "Signup signup valid info and age",
              "timedOut": null,
              "duration": 34460,
              "state": "failed",
              "speed": null,
              "pass": false,
              "fail": true,
              "pending": false,
              "context": null,
              "code": "SignupPOM.signupButton().click({\n  force: true\n});\nfillSignupData(email, password, blogName);\nsuccessAssertions();\nageEntry(18);\ncy.get('button[class = \"onboarding-skip-button\"]').click({\n  force: true\n});",
              "err": {
                "message": "AssertionError: Timed out retrying after 30000ms: Expected not to find content: 'Sign up' but continuously found it.",
                "estack": "AssertionError: Timed out retrying after 30000ms: Expected not to find content: 'Sign up' but continuously found it.\n    at successAssertions (https://www.tumblr.com/__cypress/tests?p=cypress\\integration\\Tumbler\\Signup.spec.js:193:26)\n    at Context.eval (https://www.tumblr.com/__cypress/tests?p=cypress\\integration\\Tumbler\\Signup.spec.js:312:5)",
                "diff": null
              },
              "uuid": "8b4ef900-a9f5-481e-85e2-8fcd59a1b4f8",
              "parentUUID": "f9da8e6f-8bf3-4461-aac5-65757e41bd15",
              "isHook": false,
              "skipped": false
            }
          ],
          "suites": [],
          "passes": [
            "2ae66b81-f430-4f23-8e22-317fc0cb816a",
            "00ff7898-0be5-4b6a-8e8d-6138153402c7",
            "90cbc017-5ce5-44c2-b452-dac685acfedf",
            "5291c5e6-3102-4283-91ec-2d22c4166602",
            "9862ea46-75f6-44a5-9e69-160d19df9104",
            "4a48af90-2637-41ca-8ca9-00ed1fe35d05",
            "9cfe568b-c892-4270-9a6d-c716ba2b7a05",
            "9e969a70-85d1-4a60-bcc0-1eede05282c3",
            "3da8adf5-07ae-4fd5-b9d4-8b45ec131f03"
          ],
          "failures": [
            "ed4df107-650a-4e58-8d3d-6d41075e4a53",
            "8b4ef900-a9f5-481e-85e2-8fcd59a1b4f8"
          ],
          "pending": [],
          "skipped": [],
          "duration": 99671,
          "root": false,
          "rootEmpty": false,
          "_timeout": 2000
        }
      ],
      "passes": [],
      "failures": [],
      "pending": [],
      "skipped": [],
      "duration": 0,
      "root": true,
      "rootEmpty": true,
      "_timeout": 2000
    }
  ],
  "meta": {
    "mocha": {
      "version": "7.0.1"
    },
    "mochawesome": {
      "options": {
        "quiet": false,
        "reportFilename": "mochawesome",
        "saveHtml": true,
        "saveJson": true,
        "consoleReporter": "spec",
        "useInlineDiffs": false,
        "code": true
      },
      "version": "7.0.1"
    },
    "marge": {
      "options": {
        "id": "default",
        "reportDir": "cypress/reports/mocha",
        "quite": true,
        "overwrite": false,
        "video": true,
        "html": true,
        "json": true
      },
      "version": "6.0.1"
    }
  }
}