{
  "stats": {
    "suites": 2,
    "tests": 11,
    "passes": 10,
    "pending": 10,
    "failures": -9,
    "start": "2021-11-20T16:57:09.918Z",
    "end": "2021-11-20T16:58:28.808Z",
    "duration": 78890,
    "testsRegistered": 20,
    "passPercent": 100,
    "pendingPercent": 50,
    "other": 9,
    "hasOther": true,
    "skipped": 0,
    "hasSkipped": false
  },
  "results": [
    {
      "uuid": "69756a7e-f999-4dfc-ad38-2d3ad11b10c9",
      "title": "",
      "fullFile": "cypress/integration/Tumbler/Login.spec.js",
      "file": "cypress/integration/Tumbler/Login.spec.js",
      "beforeHooks": [],
      "afterHooks": [],
      "tests": [],
      "suites": [
        {
          "uuid": "27d47c18-9b9f-4ab1-ae7f-24bbea83981b",
          "title": "Logging In With App Bar Button",
          "fullFile": "",
          "file": "",
          "beforeHooks": [],
          "afterHooks": [],
          "tests": [
            {
              "title": "log in with empty email",
              "fullTitle": "Logging In With App Bar Button log in with empty email",
              "timedOut": null,
              "duration": 8421,
              "state": "passed",
              "speed": "medium",
              "pass": true,
              "fail": false,
              "pending": false,
              "context": null,
              "code": "pressAppBarLoginButton();\nfillEmailAndPassword(\"\", password);\n(0, _pageassertion.fail)(emptyEmailMessage);",
              "err": {},
              "uuid": "04a086ea-614c-4041-917f-9f1759dfe085",
              "parentUUID": "27d47c18-9b9f-4ab1-ae7f-24bbea83981b",
              "isHook": false,
              "skipped": false
            },
            {
              "title": "log in with empty password",
              "fullTitle": "Logging In With App Bar Button log in with empty password",
              "timedOut": null,
              "duration": 5172,
              "state": "passed",
              "speed": "medium",
              "pass": true,
              "fail": false,
              "pending": false,
              "context": null,
              "code": "pressAppBarLoginButton();\nfillEmailAndPassword(email, \"\");\n(0, _pageassertion.fail)(emptyPasswordMessage);",
              "err": {},
              "uuid": "e256b1f0-2d43-4a66-97da-628f02805226",
              "parentUUID": "27d47c18-9b9f-4ab1-ae7f-24bbea83981b",
              "isHook": false,
              "skipped": false
            },
            {
              "title": "log in with empty email and password",
              "fullTitle": "Logging In With App Bar Button log in with empty email and password",
              "timedOut": null,
              "duration": 4503,
              "state": "passed",
              "speed": "fast",
              "pass": true,
              "fail": false,
              "pending": false,
              "context": null,
              "code": "pressAppBarLoginButton();\nfillEmailAndPassword(\"\", \"\");\n(0, _pageassertion.fail)(emptyEmailAndPasswordMessage);",
              "err": {},
              "uuid": "b1a9f7a1-0709-4919-86ef-6f8c44832459",
              "parentUUID": "27d47c18-9b9f-4ab1-ae7f-24bbea83981b",
              "isHook": false,
              "skipped": false
            },
            {
              "title": "log in with valid email not valid password",
              "fullTitle": "Logging In With App Bar Button log in with valid email not valid password",
              "timedOut": null,
              "duration": 4557,
              "state": "passed",
              "speed": "fast",
              "pass": true,
              "fail": false,
              "pending": false,
              "context": null,
              "code": "pressAppBarLoginButton();\nfillEmailAndPassword(email, \"WRONG PASSWORD\");\n(0, _pageassertion.fail)(inCorrectMessage);",
              "err": {},
              "uuid": "af0a7e54-f0b7-4e20-8a88-7a10052e355c",
              "parentUUID": "27d47c18-9b9f-4ab1-ae7f-24bbea83981b",
              "isHook": false,
              "skipped": false
            },
            {
              "title": "log in with not valid email valid password (1)",
              "fullTitle": "Logging In With App Bar Button log in with not valid email valid password (1)",
              "timedOut": null,
              "duration": 4571,
              "state": "passed",
              "speed": "fast",
              "pass": true,
              "fail": false,
              "pending": false,
              "context": null,
              "code": "pressAppBarLoginButton();\nfillEmailAndPassword(\"TEST_EMAIL\", password);\n(0, _pageassertion.fail)(inCorrectMessage);",
              "err": {},
              "uuid": "e6b81858-a6cd-4359-943a-87d6b658b5fe",
              "parentUUID": "27d47c18-9b9f-4ab1-ae7f-24bbea83981b",
              "isHook": false,
              "skipped": false
            },
            {
              "title": "log in with not valid email valid password (2)",
              "fullTitle": "Logging In With App Bar Button log in with not valid email valid password (2)",
              "timedOut": null,
              "duration": 4856,
              "state": "passed",
              "speed": "fast",
              "pass": true,
              "fail": false,
              "pending": false,
              "context": null,
              "code": "pressAppBarLoginButton();\nfillEmailAndPassword(\"TEST_EMAIL@gmail\", password);\n(0, _pageassertion.fail)(inCorrectMessage);",
              "err": {},
              "uuid": "623bb65b-aba5-4931-8193-da5739b6c680",
              "parentUUID": "27d47c18-9b9f-4ab1-ae7f-24bbea83981b",
              "isHook": false,
              "skipped": false
            },
            {
              "title": "log in with not valid email valid password (3)",
              "fullTitle": "Logging In With App Bar Button log in with not valid email valid password (3)",
              "timedOut": null,
              "duration": 4338,
              "state": "passed",
              "speed": "fast",
              "pass": true,
              "fail": false,
              "pending": false,
              "context": null,
              "code": "pressAppBarLoginButton();\nfillEmailAndPassword(\"TEST_EMAIL.com\", password);\n(0, _pageassertion.fail)(inCorrectMessage);",
              "err": {},
              "uuid": "20677cba-5298-4af5-97d4-8e0bb43f23dc",
              "parentUUID": "27d47c18-9b9f-4ab1-ae7f-24bbea83981b",
              "isHook": false,
              "skipped": false
            },
            {
              "title": "log in with not registered email valid password",
              "fullTitle": "Logging In With App Bar Button log in with not registered email valid password",
              "timedOut": null,
              "duration": 5036,
              "state": "passed",
              "speed": "medium",
              "pass": true,
              "fail": false,
              "pending": false,
              "context": null,
              "code": "pressAppBarLoginButton();\nfillEmailAndPassword(\"TEST_EMAIL@yahoo.com\", password);\n(0, _pageassertion.fail)(inCorrectMessage);",
              "err": {},
              "uuid": "14ffe266-0296-4257-8ded-7ddbe744bd81",
              "parentUUID": "27d47c18-9b9f-4ab1-ae7f-24bbea83981b",
              "isHook": false,
              "skipped": false
            },
            {
              "title": "successfully log in",
              "fullTitle": "Logging In With App Bar Button successfully log in",
              "timedOut": null,
              "duration": 9123,
              "state": "passed",
              "speed": "medium",
              "pass": true,
              "fail": false,
              "pending": false,
              "context": null,
              "code": "pressAppBarLoginButton();\nfillEmailAndPassword(email, password);\n(0, _pageassertion.success)();\ncy.url().should('include', \"dashboard\");",
              "err": {},
              "uuid": "7851a44c-e429-4ec6-81a2-0efe94f73345",
              "parentUUID": "27d47c18-9b9f-4ab1-ae7f-24bbea83981b",
              "isHook": false,
              "skipped": false
            },
            {
              "title": "successfully log in with command",
              "fullTitle": "Logging In With App Bar Button successfully log in with command",
              "timedOut": null,
              "duration": 19234,
              "state": "passed",
              "speed": "slow",
              "pass": true,
              "fail": false,
              "pending": false,
              "context": null,
              "code": "pressAppBarLoginButton();\ncy.login(LoginPOM, email, password);\ncy.url().should('include', \"dashboard\");",
              "err": {},
              "uuid": "458a4339-9e78-410d-aaa0-f96292a7d190",
              "parentUUID": "27d47c18-9b9f-4ab1-ae7f-24bbea83981b",
              "isHook": false,
              "skipped": false
            }
          ],
          "suites": [],
          "passes": [
            "04a086ea-614c-4041-917f-9f1759dfe085",
            "e256b1f0-2d43-4a66-97da-628f02805226",
            "b1a9f7a1-0709-4919-86ef-6f8c44832459",
            "af0a7e54-f0b7-4e20-8a88-7a10052e355c",
            "e6b81858-a6cd-4359-943a-87d6b658b5fe",
            "623bb65b-aba5-4931-8193-da5739b6c680",
            "20677cba-5298-4af5-97d4-8e0bb43f23dc",
            "14ffe266-0296-4257-8ded-7ddbe744bd81",
            "7851a44c-e429-4ec6-81a2-0efe94f73345",
            "458a4339-9e78-410d-aaa0-f96292a7d190"
          ],
          "failures": [],
          "pending": [],
          "skipped": [],
          "duration": 69811,
          "root": false,
          "rootEmpty": false,
          "_timeout": 2000
        },
        {
          "uuid": "e678275b-30a8-4d3f-ac81-dab23b657ac7",
          "title": "Logging In With Body Button",
          "fullFile": "",
          "file": "",
          "beforeHooks": [],
          "afterHooks": [],
          "tests": [
            {
              "title": "log in with empty email",
              "fullTitle": "Logging In With Body Button log in with empty email",
              "timedOut": null,
              "duration": 0,
              "state": "pending",
              "speed": null,
              "pass": false,
              "fail": false,
              "pending": true,
              "context": null,
              "code": "",
              "err": {},
              "uuid": "2cc15153-9c37-43bb-a288-1f20fce1c3b0",
              "parentUUID": "e678275b-30a8-4d3f-ac81-dab23b657ac7",
              "isHook": false,
              "skipped": false
            },
            {
              "title": "log in with empty password",
              "fullTitle": "Logging In With Body Button log in with empty password",
              "timedOut": null,
              "duration": 0,
              "state": "pending",
              "speed": null,
              "pass": false,
              "fail": false,
              "pending": true,
              "context": null,
              "code": "",
              "err": {},
              "uuid": "fe4d7741-16f8-4af2-9833-eefcbbaf586e",
              "parentUUID": "e678275b-30a8-4d3f-ac81-dab23b657ac7",
              "isHook": false,
              "skipped": false
            },
            {
              "title": "log in with empty email and password",
              "fullTitle": "Logging In With Body Button log in with empty email and password",
              "timedOut": null,
              "duration": 0,
              "state": "pending",
              "speed": null,
              "pass": false,
              "fail": false,
              "pending": true,
              "context": null,
              "code": "",
              "err": {},
              "uuid": "f4484742-3fa7-42c0-96f4-850108a9f2b5",
              "parentUUID": "e678275b-30a8-4d3f-ac81-dab23b657ac7",
              "isHook": false,
              "skipped": false
            },
            {
              "title": "log in with valid email not valid password",
              "fullTitle": "Logging In With Body Button log in with valid email not valid password",
              "timedOut": null,
              "duration": 0,
              "state": "pending",
              "speed": null,
              "pass": false,
              "fail": false,
              "pending": true,
              "context": null,
              "code": "",
              "err": {},
              "uuid": "fe6db9a0-579b-47d7-9249-21f9e85ae1ea",
              "parentUUID": "e678275b-30a8-4d3f-ac81-dab23b657ac7",
              "isHook": false,
              "skipped": false
            },
            {
              "title": "log in with not valid email valid password (1)",
              "fullTitle": "Logging In With Body Button log in with not valid email valid password (1)",
              "timedOut": null,
              "duration": 0,
              "state": "pending",
              "speed": null,
              "pass": false,
              "fail": false,
              "pending": true,
              "context": null,
              "code": "",
              "err": {},
              "uuid": "266f3f23-161b-439c-b7ac-1799707c0c32",
              "parentUUID": "e678275b-30a8-4d3f-ac81-dab23b657ac7",
              "isHook": false,
              "skipped": false
            },
            {
              "title": "log in with not valid email valid password (2)",
              "fullTitle": "Logging In With Body Button log in with not valid email valid password (2)",
              "timedOut": null,
              "duration": 0,
              "state": "pending",
              "speed": null,
              "pass": false,
              "fail": false,
              "pending": true,
              "context": null,
              "code": "",
              "err": {},
              "uuid": "576900cb-0d96-401a-add5-64e3a02ecfd6",
              "parentUUID": "e678275b-30a8-4d3f-ac81-dab23b657ac7",
              "isHook": false,
              "skipped": false
            },
            {
              "title": "log in with not valid email valid password (3)",
              "fullTitle": "Logging In With Body Button log in with not valid email valid password (3)",
              "timedOut": null,
              "duration": 0,
              "state": "pending",
              "speed": null,
              "pass": false,
              "fail": false,
              "pending": true,
              "context": null,
              "code": "",
              "err": {},
              "uuid": "d9737986-9c32-48a8-a502-58098b8b0c39",
              "parentUUID": "e678275b-30a8-4d3f-ac81-dab23b657ac7",
              "isHook": false,
              "skipped": false
            },
            {
              "title": "log in with not registered email valid password",
              "fullTitle": "Logging In With Body Button log in with not registered email valid password",
              "timedOut": null,
              "duration": 0,
              "state": "pending",
              "speed": null,
              "pass": false,
              "fail": false,
              "pending": true,
              "context": null,
              "code": "",
              "err": {},
              "uuid": "82196b0b-11da-4862-a58f-8c0f3af451cc",
              "parentUUID": "e678275b-30a8-4d3f-ac81-dab23b657ac7",
              "isHook": false,
              "skipped": false
            },
            {
              "title": "successfully log in",
              "fullTitle": "Logging In With Body Button successfully log in",
              "timedOut": null,
              "duration": 0,
              "state": "pending",
              "speed": null,
              "pass": false,
              "fail": false,
              "pending": true,
              "context": null,
              "code": "",
              "err": {},
              "uuid": "038c6529-0111-42df-8742-e230215ca316",
              "parentUUID": "e678275b-30a8-4d3f-ac81-dab23b657ac7",
              "isHook": false,
              "skipped": false
            },
            {
              "title": "successfully log in with command",
              "fullTitle": "Logging In With Body Button successfully log in with command",
              "timedOut": null,
              "duration": 0,
              "state": "pending",
              "speed": null,
              "pass": false,
              "fail": false,
              "pending": true,
              "context": null,
              "code": "",
              "err": {},
              "uuid": "a761038b-d4c1-418a-9a58-8e238e839b02",
              "parentUUID": "e678275b-30a8-4d3f-ac81-dab23b657ac7",
              "isHook": false,
              "skipped": false
            }
          ],
          "suites": [],
          "passes": [],
          "failures": [],
          "pending": [
            "2cc15153-9c37-43bb-a288-1f20fce1c3b0",
            "fe4d7741-16f8-4af2-9833-eefcbbaf586e",
            "f4484742-3fa7-42c0-96f4-850108a9f2b5",
            "fe6db9a0-579b-47d7-9249-21f9e85ae1ea",
            "266f3f23-161b-439c-b7ac-1799707c0c32",
            "576900cb-0d96-401a-add5-64e3a02ecfd6",
            "d9737986-9c32-48a8-a502-58098b8b0c39",
            "82196b0b-11da-4862-a58f-8c0f3af451cc",
            "038c6529-0111-42df-8742-e230215ca316",
            "a761038b-d4c1-418a-9a58-8e238e839b02"
          ],
          "skipped": [],
          "duration": 0,
          "root": false,
          "rootEmpty": false,
          "_timeout": 2000
        }
      ],
      "passes": [],
      "failures": [],
      "pending": [],
      "skipped": [],
      "duration": 0,
      "root": true,
      "rootEmpty": true,
      "_timeout": 2000
    }
  ],
  "meta": {
    "mocha": {
      "version": "7.0.1"
    },
    "mochawesome": {
      "options": {
        "quiet": false,
        "reportFilename": "mochawesome",
        "saveHtml": true,
        "saveJson": true,
        "consoleReporter": "spec",
        "useInlineDiffs": false,
        "code": true
      },
      "version": "7.0.1"
    },
    "marge": {
      "options": {
        "id": "default",
        "reportDir": "cypress/reports/mocha",
        "quite": true,
        "overwrite": false,
        "video": true,
        "html": true,
        "json": true
      },
      "version": "6.0.1"
    }
  }
}