{
  "stats": {
    "suites": 3,
    "tests": 16,
    "passes": 4,
    "pending": 0,
    "failures": 12,
    "start": "2021-11-20T16:58:52.555Z",
    "end": "2021-11-20T17:01:49.967Z",
    "duration": 177412,
    "testsRegistered": 16,
    "passPercent": 25,
    "pendingPercent": 0,
    "other": 0,
    "hasOther": false,
    "skipped": 0,
    "hasSkipped": false
  },
  "results": [
    {
      "uuid": "74ebe154-42ea-4e76-8c28-109f7b72593c",
      "title": "",
      "fullFile": "cypress/integration/Tumbler/resetpassword.spec.js",
      "file": "cypress/integration/Tumbler/resetpassword.spec.js",
      "beforeHooks": [],
      "afterHooks": [],
      "tests": [],
      "suites": [
        {
          "uuid": "7b00a4b8-591c-4f0e-9636-9963d380c6f4",
          "title": "reset password",
          "fullFile": "",
          "file": "",
          "beforeHooks": [],
          "afterHooks": [],
          "tests": [
            {
              "title": "Log In With Old Password",
              "fullTitle": "reset password Log In With Old Password",
              "timedOut": null,
              "duration": 12898,
              "state": "passed",
              "speed": "slow",
              "pass": true,
              "fail": false,
              "pending": false,
              "context": null,
              "code": "cy.visit(\"https://www.tumblr.com/login\");\ncy.login(LoginPOM, emailAddress, password);",
              "err": {},
              "uuid": "70dd2b4b-2276-4f05-8206-9db314b23205",
              "parentUUID": "7b00a4b8-591c-4f0e-9636-9963d380c6f4",
              "isHook": false,
              "skipped": false
            },
            {
              "title": "Send Reset Password Email",
              "fullTitle": "reset password Send Reset Password Email",
              "timedOut": null,
              "duration": 19045,
              "state": "failed",
              "speed": null,
              "pass": false,
              "fail": true,
              "pending": false,
              "context": null,
              "code": "openResetPasswordScreen(LoginPOM, ResetPasswordPOM);\ncy.wait(10000);\nResetPasswordPOM.recaptchaChecker().invoke('attr', 'aria-checked').then(isChecked => {\n  expect(isChecked).eq(\"true\");\n});\nInteractWithResetPasswordScreen(ResetPasswordPOM, emailAddress);\ncy.url().should('include', 'forgot_password');\ncy.contains(sentenceChecker[0]);\ncy.contains(sentenceChecker[1]);\ncy.contains(sentenceChecker[2]);\nResetPasswordPOM.doneButton().should(\"exist\").click();\ncy.url().should('eq', \"https://www.tumblr.com/\");",
              "err": {
                "message": "AssertionError: expected 'false' to equal 'true'",
                "estack": "AssertionError: expected 'false' to equal 'true'\n    at Context.eval (https://www.tumblr.com/__cypress/tests?p=cypress\\integration\\Tumbler\\resetpassword.spec.js:414:25)",
                "diff": "- 'false'\n+ 'true'\n"
              },
              "uuid": "59e26f17-f30d-4afb-b6b3-f52f86cfb7a4",
              "parentUUID": "7b00a4b8-591c-4f0e-9636-9963d380c6f4",
              "isHook": false,
              "skipped": false
            },
            {
              "title": "Click Reset Button With No Email",
              "fullTitle": "reset password Click Reset Button With No Email",
              "timedOut": null,
              "duration": 8009,
              "state": "passed",
              "speed": "medium",
              "pass": true,
              "fail": false,
              "pending": false,
              "context": null,
              "code": "openResetPasswordScreen(LoginPOM, ResetPasswordPOM);\nInteractWithResetPasswordScreen(ResetPasswordPOM, '');\ncy.contains(\"Please enter your email address.\");\ncy.url().should('include', 'forgot_password');\nResetPasswordPOM.doneButton().should('not.exist');\ncy.url().should('not.eq', \"https://www.tumblr.com/\");",
              "err": {},
              "uuid": "36e5d181-5502-4ba8-bc17-c6b5bd3ab85c",
              "parentUUID": "7b00a4b8-591c-4f0e-9636-9963d380c6f4",
              "isHook": false,
              "skipped": false
            }
          ],
          "suites": [
            {
              "uuid": "b4455ab5-a7e6-47b3-af8c-76a2e3c13f5d",
              "title": "Reset With New Password",
              "fullFile": "",
              "file": "",
              "beforeHooks": [],
              "afterHooks": [],
              "tests": [
                {
                  "title": "Check Reset Password Email",
                  "fullTitle": "reset password Reset With New Password Check Reset Password Email",
                  "timedOut": null,
                  "duration": 2313,
                  "state": "failed",
                  "speed": null,
                  "pass": false,
                  "fail": true,
                  "pending": false,
                  "context": null,
                  "code": "cy.mailslurp().then(mailslurp => mailslurp.waitForLatestEmail(password, 30000, false)).then(email => {\n  // verify we received an email\n  assert.isDefined(email);\n  expect(email.subject).to.contain(emailVerificationMessages[0]);\n  resetPasswordLink = email.body.substring(email.body.indexOf(linkExtractStart), email.body.indexOf(linkExtractEnd)).substr(linkExtractIndex);\n});",
                  "err": {
                    "message": "AssertionError: expected 'Your account has been logged into.' to include 'Tumblr Password'",
                    "estack": "AssertionError: expected 'Your account has been logged into.' to include 'Tumblr Password'\n    at Context.eval (https://www.tumblr.com/__cypress/tests?p=cypress\\integration\\Tumbler\\resetpassword.spec.js:437:9)",
                    "diff": null
                  },
                  "uuid": "78697498-bbc1-4f06-a6be-6ce491e3576d",
                  "parentUUID": "b4455ab5-a7e6-47b3-af8c-76a2e3c13f5d",
                  "isHook": false,
                  "skipped": false
                },
                {
                  "title": "Reset Password With Same Old Password",
                  "fullTitle": "reset password Reset With New Password Reset Password With Same Old Password",
                  "timedOut": null,
                  "duration": 422,
                  "state": "failed",
                  "speed": null,
                  "pass": false,
                  "fail": true,
                  "pending": false,
                  "context": null,
                  "code": "cy.visit(resetPasswordLink);\ncy.url().should('include', 'reset_password');\nResetPasswordPOM.emailFromEmailField(emailAddress).should('have.value', emailAddress);\nResetPasswordPOM.newPasswordFromEmailField().type(password);\nResetPasswordPOM.confirmNewPasswordFromEmailField().type(password);\nResetPasswordPOM.setNewPasswordButton().click();\ncy.url().should('include', 'reset_password');\ncy.contains(\"Sorry, you've used that password before. You must choose a new password.\");",
                  "err": {
                    "message": "CypressError: `cy.visit()` must be called with a `url` or an `options` object containing a `url` as its 1st argument\n\nhttps://on.cypress.io/visit",
                    "estack": "CypressError: `cy.visit()` must be called with a `url` or an `options` object containing a `url` as its 1st argument\n\nhttps://on.cypress.io/visit\n    at Context.visit (https://www.tumblr.com/__cypress/runner/cypress_runner.js:157797:78)\nFrom Your Spec Code:\n    at Context.eval (https://www.tumblr.com/__cypress/tests?p=cypress\\integration\\Tumbler\\resetpassword.spec.js:442:10)",
                    "diff": null
                  },
                  "uuid": "c38daae2-6755-4191-a3ce-bd4a016b9f49",
                  "parentUUID": "b4455ab5-a7e6-47b3-af8c-76a2e3c13f5d",
                  "isHook": false,
                  "skipped": false
                },
                {
                  "title": "Reset Password With Weak New Password",
                  "fullTitle": "reset password Reset With New Password Reset Password With Weak New Password",
                  "timedOut": null,
                  "duration": 353,
                  "state": "failed",
                  "speed": null,
                  "pass": false,
                  "fail": true,
                  "pending": false,
                  "context": null,
                  "code": "cy.visit(resetPasswordLink);\ncy.url().should('include', 'reset_password');\nResetPasswordPOM.emailFromEmailField(emailAddress).should('have.value', emailAddress);\nResetPasswordPOM.newPasswordFromEmailField().type(weakNewPassword);\nResetPasswordPOM.confirmNewPasswordFromEmailField().type(weakNewPassword);\nResetPasswordPOM.setNewPasswordButton().click();\ncy.url().should('include', 'reset_password');\nResetPasswordPOM.setNewPasswordErrorParagraph().should('have.text', weakNewPasswordErrorMessage);",
                  "err": {
                    "message": "CypressError: `cy.visit()` must be called with a `url` or an `options` object containing a `url` as its 1st argument\n\nhttps://on.cypress.io/visit",
                    "estack": "CypressError: `cy.visit()` must be called with a `url` or an `options` object containing a `url` as its 1st argument\n\nhttps://on.cypress.io/visit\n    at Context.visit (https://www.tumblr.com/__cypress/runner/cypress_runner.js:157797:78)\nFrom Your Spec Code:\n    at Context.eval (https://www.tumblr.com/__cypress/tests?p=cypress\\integration\\Tumbler\\resetpassword.spec.js:452:10)",
                    "diff": null
                  },
                  "uuid": "97f2d252-e58a-4d2b-8b95-dd99f6c174b1",
                  "parentUUID": "b4455ab5-a7e6-47b3-af8c-76a2e3c13f5d",
                  "isHook": false,
                  "skipped": false
                },
                {
                  "title": "Reset Password With Weak New Password",
                  "fullTitle": "reset password Reset With New Password Reset Password With Weak New Password",
                  "timedOut": null,
                  "duration": 477,
                  "state": "failed",
                  "speed": null,
                  "pass": false,
                  "fail": true,
                  "pending": false,
                  "context": null,
                  "code": "cy.visit(resetPasswordLink);\ncy.url().should('include', 'reset_password');\nResetPasswordPOM.emailFromEmailField(emailAddress).should('have.value', emailAddress);\nResetPasswordPOM.newPasswordFromEmailField().type(weakNewPassword);\nResetPasswordPOM.confirmNewPasswordFromEmailField().type(weakNewPassword);\nResetPasswordPOM.setNewPasswordButton().click();\ncy.url().should('include', 'reset_password');\nResetPasswordPOM.setNewPasswordErrorParagraph().should('have.text', weakNewPasswordErrorMessage);",
                  "err": {
                    "message": "CypressError: `cy.visit()` must be called with a `url` or an `options` object containing a `url` as its 1st argument\n\nhttps://on.cypress.io/visit",
                    "estack": "CypressError: `cy.visit()` must be called with a `url` or an `options` object containing a `url` as its 1st argument\n\nhttps://on.cypress.io/visit\n    at Context.visit (https://www.tumblr.com/__cypress/runner/cypress_runner.js:157797:78)\nFrom Your Spec Code:\n    at Context.eval (https://www.tumblr.com/__cypress/tests?p=cypress\\integration\\Tumbler\\resetpassword.spec.js:462:10)",
                    "diff": null
                  },
                  "uuid": "20df9275-8e11-4bcb-9b39-adccbfe57541",
                  "parentUUID": "b4455ab5-a7e6-47b3-af8c-76a2e3c13f5d",
                  "isHook": false,
                  "skipped": false
                },
                {
                  "title": "Reset Password Doesn't Match Confirmation",
                  "fullTitle": "reset password Reset With New Password Reset Password Doesn't Match Confirmation",
                  "timedOut": null,
                  "duration": 496,
                  "state": "failed",
                  "speed": null,
                  "pass": false,
                  "fail": true,
                  "pending": false,
                  "context": null,
                  "code": "cy.visit(resetPasswordLink);\ncy.url().should('include', 'reset_password');\nResetPasswordPOM.emailFromEmailField(emailAddress).should('have.value', emailAddress);\nResetPasswordPOM.newPasswordFromEmailField().type(newPassword);\nResetPasswordPOM.confirmNewPasswordFromEmailField().type(password);\nResetPasswordPOM.setNewPasswordButton().click();\ncy.url().should('include', 'reset_password');\nResetPasswordPOM.setNewPasswordErrorParagraph().should('have.text', notMatchingErrorMessage);",
                  "err": {
                    "message": "CypressError: `cy.visit()` must be called with a `url` or an `options` object containing a `url` as its 1st argument\n\nhttps://on.cypress.io/visit",
                    "estack": "CypressError: `cy.visit()` must be called with a `url` or an `options` object containing a `url` as its 1st argument\n\nhttps://on.cypress.io/visit\n    at Context.visit (https://www.tumblr.com/__cypress/runner/cypress_runner.js:157797:78)\nFrom Your Spec Code:\n    at Context.eval (https://www.tumblr.com/__cypress/tests?p=cypress\\integration\\Tumbler\\resetpassword.spec.js:472:10)",
                    "diff": null
                  },
                  "uuid": "d562db8a-8bd3-47ce-898b-6d3fc3fcdc3e",
                  "parentUUID": "b4455ab5-a7e6-47b3-af8c-76a2e3c13f5d",
                  "isHook": false,
                  "skipped": false
                },
                {
                  "title": "Reset Password With New Password",
                  "fullTitle": "reset password Reset With New Password Reset Password With New Password",
                  "timedOut": null,
                  "duration": 425,
                  "state": "failed",
                  "speed": null,
                  "pass": false,
                  "fail": true,
                  "pending": false,
                  "context": null,
                  "code": "cy.visit(resetPasswordLink);\ncy.url().should('include', 'reset_password');\nResetPasswordPOM.emailFromEmailField(emailAddress).should('have.value', emailAddress);\nResetPasswordPOM.newPasswordFromEmailField().type(newPassword);\nResetPasswordPOM.confirmNewPasswordFromEmailField().type(newPassword);\nResetPasswordPOM.setNewPasswordButton().click();\ncy.url().should('not.include', 'reset_password');\ncy.url().should('include', 'dashboard');\n(0, _pageassertion.success)();",
                  "err": {
                    "message": "CypressError: `cy.visit()` must be called with a `url` or an `options` object containing a `url` as its 1st argument\n\nhttps://on.cypress.io/visit",
                    "estack": "CypressError: `cy.visit()` must be called with a `url` or an `options` object containing a `url` as its 1st argument\n\nhttps://on.cypress.io/visit\n    at Context.visit (https://www.tumblr.com/__cypress/runner/cypress_runner.js:157797:78)\nFrom Your Spec Code:\n    at Context.eval (https://www.tumblr.com/__cypress/tests?p=cypress\\integration\\Tumbler\\resetpassword.spec.js:482:10)",
                    "diff": null
                  },
                  "uuid": "686b807d-51cf-4a2f-b0e3-e6871760d9d3",
                  "parentUUID": "b4455ab5-a7e6-47b3-af8c-76a2e3c13f5d",
                  "isHook": false,
                  "skipped": false
                },
                {
                  "title": "Log In With Old Password Again",
                  "fullTitle": "reset password Reset With New Password Log In With Old Password Again",
                  "timedOut": null,
                  "duration": 39916,
                  "state": "failed",
                  "speed": null,
                  "pass": false,
                  "fail": true,
                  "pending": false,
                  "context": null,
                  "code": "cy.visit(\"https://www.tumblr.com/login\");\ncy.login(LoginPOM, emailAddress, password, false, loginFailMessage);",
                  "err": {
                    "message": "AssertionError: Timed out retrying after 30000ms: Expected to find content: 'Your email or password were incorrect.' but never did.",
                    "estack": "AssertionError: Timed out retrying after 30000ms: Expected to find content: 'Your email or password were incorrect.' but never did.\n    at ./cypress/Utils/log in/pageassertion.js.module.exports.fail (https://www.tumblr.com/__cypress/tests?p=cypress\\support\\index.js:137:6)\n    at Context.eval (https://www.tumblr.com/__cypress/tests?p=cypress\\support\\index.js:198:83)",
                    "diff": null
                  },
                  "uuid": "d7c4165d-a2a5-46b3-96b7-67589667fe1e",
                  "parentUUID": "b4455ab5-a7e6-47b3-af8c-76a2e3c13f5d",
                  "isHook": false,
                  "skipped": false
                },
                {
                  "title": "Log In With New Password Again",
                  "fullTitle": "reset password Reset With New Password Log In With New Password Again",
                  "timedOut": null,
                  "duration": 35949,
                  "state": "failed",
                  "speed": null,
                  "pass": false,
                  "fail": true,
                  "pending": false,
                  "context": null,
                  "code": "cy.visit(\"https://www.tumblr.com/login\");\ncy.login(LoginPOM, emailAddress, newPassword);",
                  "err": {
                    "message": "AssertionError: Timed out retrying after 30000ms: Expected to find element: `div.j8ha0`, but never found it.",
                    "estack": "AssertionError: Timed out retrying after 30000ms: Expected to find element: `div.j8ha0`, but never found it.\n    at ./cypress/Utils/log in/pageassertion.js.module.exports.success (https://www.tumblr.com/__cypress/tests?p=cypress\\support\\index.js:103:25)\n    at Context.eval (https://www.tumblr.com/__cypress/tests?p=cypress\\support\\index.js:198:51)",
                    "diff": null
                  },
                  "uuid": "7349cce5-0e6f-4900-84b1-cb6b8525f035",
                  "parentUUID": "b4455ab5-a7e6-47b3-af8c-76a2e3c13f5d",
                  "isHook": false,
                  "skipped": false
                }
              ],
              "suites": [],
              "passes": [],
              "failures": [
                "78697498-bbc1-4f06-a6be-6ce491e3576d",
                "c38daae2-6755-4191-a3ce-bd4a016b9f49",
                "97f2d252-e58a-4d2b-8b95-dd99f6c174b1",
                "20df9275-8e11-4bcb-9b39-adccbfe57541",
                "d562db8a-8bd3-47ce-898b-6d3fc3fcdc3e",
                "686b807d-51cf-4a2f-b0e3-e6871760d9d3",
                "d7c4165d-a2a5-46b3-96b7-67589667fe1e",
                "7349cce5-0e6f-4900-84b1-cb6b8525f035"
              ],
              "pending": [],
              "skipped": [],
              "duration": 80351,
              "root": false,
              "rootEmpty": false,
              "_timeout": 2000
            },
            {
              "uuid": "cfffb974-0c2f-4af5-b7da-6f2299fa63e4",
              "title": "Reset With Old Password",
              "fullFile": "",
              "file": "",
              "beforeHooks": [],
              "afterHooks": [],
              "tests": [
                {
                  "title": "Send Reset Password Email",
                  "fullTitle": "reset password Reset With Old Password Send Reset Password Email",
                  "timedOut": null,
                  "duration": 21334,
                  "state": "failed",
                  "speed": null,
                  "pass": false,
                  "fail": true,
                  "pending": false,
                  "context": null,
                  "code": "openResetPasswordScreen(LoginPOM, ResetPasswordPOM);\ncy.wait(10000);\nResetPasswordPOM.recaptchaChecker().invoke('attr', 'aria-checked').then(isChecked => {\n  expect(isChecked).eq(\"true\");\n});\nInteractWithResetPasswordScreen(ResetPasswordPOM, emailAddress);\ncy.url().should('include', 'forgot_password');\ncy.contains(sentenceChecker[0]);\ncy.contains(sentenceChecker[1]);\ncy.contains(sentenceChecker[2]);\nResetPasswordPOM.doneButton().should(\"exist\").click();\ncy.url().should('eq', \"https://www.tumblr.com/\");",
                  "err": {
                    "message": "AssertionError: expected 'false' to equal 'true'",
                    "estack": "AssertionError: expected 'false' to equal 'true'\n    at Context.eval (https://www.tumblr.com/__cypress/tests?p=cypress\\integration\\Tumbler\\resetpassword.spec.js:506:27)",
                    "diff": "- 'false'\n+ 'true'\n"
                  },
                  "uuid": "ea456609-3239-44de-8f5b-e323eb7843e4",
                  "parentUUID": "cfffb974-0c2f-4af5-b7da-6f2299fa63e4",
                  "isHook": false,
                  "skipped": false
                },
                {
                  "title": "Check Reset Password Email",
                  "fullTitle": "reset password Reset With Old Password Check Reset Password Email",
                  "timedOut": null,
                  "duration": 1877,
                  "state": "failed",
                  "speed": null,
                  "pass": false,
                  "fail": true,
                  "pending": false,
                  "context": null,
                  "code": "cy.mailslurp().then(mailslurp => mailslurp.waitForLatestEmail(password, 30000, false)).then(email => {\n  // verify we received an email\n  assert.isDefined(email);\n  expect(email.subject).to.contain(emailVerificationMessages[0]);\n  resetPasswordLink = email.body.substring(email.body.indexOf(linkExtractStart), email.body.indexOf(linkExtractEnd)).substr(linkExtractIndex);\n});",
                  "err": {
                    "message": "AssertionError: expected 'Your account has been logged into.' to include 'Tumblr Password'",
                    "estack": "AssertionError: expected 'Your account has been logged into.' to include 'Tumblr Password'\n    at Context.eval (https://www.tumblr.com/__cypress/tests?p=cypress\\integration\\Tumbler\\resetpassword.spec.js:520:9)",
                    "diff": null
                  },
                  "uuid": "2dfb1ab9-f290-477a-bae3-ade695365810",
                  "parentUUID": "cfffb974-0c2f-4af5-b7da-6f2299fa63e4",
                  "isHook": false,
                  "skipped": false
                },
                {
                  "title": "Reset Password With Old Password",
                  "fullTitle": "reset password Reset With Old Password Reset Password With Old Password",
                  "timedOut": null,
                  "duration": 981,
                  "state": "failed",
                  "speed": null,
                  "pass": false,
                  "fail": true,
                  "pending": false,
                  "context": null,
                  "code": "cy.visit(resetPasswordLink);\ncy.url().should('include', 'reset_password');\nResetPasswordPOM.emailFromEmailField(emailAddress).should('have.value', emailAddress);\nResetPasswordPOM.newPasswordFromEmailField().type(password);\nResetPasswordPOM.confirmNewPasswordFromEmailField().type(password);\nResetPasswordPOM.setNewPasswordButton().click();\ncy.url().should('not.include', 'reset_password');\ncy.url().should('include', 'dashboard');\n(0, _pageassertion.success)();",
                  "err": {
                    "message": "CypressError: `cy.visit()` must be called with a `url` or an `options` object containing a `url` as its 1st argument\n\nhttps://on.cypress.io/visit",
                    "estack": "CypressError: `cy.visit()` must be called with a `url` or an `options` object containing a `url` as its 1st argument\n\nhttps://on.cypress.io/visit\n    at Context.visit (https://www.tumblr.com/__cypress/runner/cypress_runner.js:157797:78)\nFrom Your Spec Code:\n    at Context.eval (https://www.tumblr.com/__cypress/tests?p=cypress\\integration\\Tumbler\\resetpassword.spec.js:525:10)",
                    "diff": null
                  },
                  "uuid": "57a01ad0-eb4f-4e25-8e55-d12ff85cbaee",
                  "parentUUID": "cfffb974-0c2f-4af5-b7da-6f2299fa63e4",
                  "isHook": false,
                  "skipped": false
                },
                {
                  "title": "Log In With Old Password Again",
                  "fullTitle": "reset password Reset With Old Password Log In With Old Password Again",
                  "timedOut": null,
                  "duration": 18358,
                  "state": "passed",
                  "speed": "slow",
                  "pass": true,
                  "fail": false,
                  "pending": false,
                  "context": null,
                  "code": "cy.visit(\"https://www.tumblr.com/login\");\ncy.login(LoginPOM, emailAddress, password);",
                  "err": {},
                  "uuid": "15cf3be4-b520-40ad-b07f-efef78cb3d37",
                  "parentUUID": "cfffb974-0c2f-4af5-b7da-6f2299fa63e4",
                  "isHook": false,
                  "skipped": false
                },
                {
                  "title": "Log In With New Password Again",
                  "fullTitle": "reset password Reset With Old Password Log In With New Password Again",
                  "timedOut": null,
                  "duration": 5896,
                  "state": "passed",
                  "speed": "medium",
                  "pass": true,
                  "fail": false,
                  "pending": false,
                  "context": null,
                  "code": "cy.visit(\"https://www.tumblr.com/login\");\ncy.login(LoginPOM, emailAddress, newPassword, false, loginFailMessage);",
                  "err": {},
                  "uuid": "75a8b7b4-5139-41ab-a077-bc3a1260a123",
                  "parentUUID": "cfffb974-0c2f-4af5-b7da-6f2299fa63e4",
                  "isHook": false,
                  "skipped": false
                }
              ],
              "suites": [],
              "passes": [
                "15cf3be4-b520-40ad-b07f-efef78cb3d37",
                "75a8b7b4-5139-41ab-a077-bc3a1260a123"
              ],
              "failures": [
                "ea456609-3239-44de-8f5b-e323eb7843e4",
                "2dfb1ab9-f290-477a-bae3-ade695365810",
                "57a01ad0-eb4f-4e25-8e55-d12ff85cbaee"
              ],
              "pending": [],
              "skipped": [],
              "duration": 48446,
              "root": false,
              "rootEmpty": false,
              "_timeout": 2000
            }
          ],
          "passes": [
            "70dd2b4b-2276-4f05-8206-9db314b23205",
            "36e5d181-5502-4ba8-bc17-c6b5bd3ab85c"
          ],
          "failures": [
            "59e26f17-f30d-4afb-b6b3-f52f86cfb7a4"
          ],
          "pending": [],
          "skipped": [],
          "duration": 39952,
          "root": false,
          "rootEmpty": false,
          "_timeout": 2000
        }
      ],
      "passes": [],
      "failures": [],
      "pending": [],
      "skipped": [],
      "duration": 0,
      "root": true,
      "rootEmpty": true,
      "_timeout": 2000
    }
  ],
  "meta": {
    "mocha": {
      "version": "7.0.1"
    },
    "mochawesome": {
      "options": {
        "quiet": false,
        "reportFilename": "mochawesome",
        "saveHtml": true,
        "saveJson": true,
        "consoleReporter": "spec",
        "useInlineDiffs": false,
        "code": true
      },
      "version": "7.0.1"
    },
    "marge": {
      "options": {
        "id": "default",
        "reportDir": "cypress/reports/mocha",
        "quite": true,
        "overwrite": false,
        "video": true,
        "html": true,
        "json": true
      },
      "version": "6.0.1"
    }
  }
}