{
  "stats": {
    "suites": 1,
    "tests": 1,
    "passes": 1,
    "pending": 0,
    "failures": 0,
    "start": "2021-11-20T16:43:31.113Z",
    "end": "2021-11-20T16:43:44.463Z",
    "duration": 13350,
    "testsRegistered": 1,
    "passPercent": 100,
    "pendingPercent": 0,
    "other": 0,
    "hasOther": false,
    "skipped": 0,
    "hasSkipped": false
  },
  "results": [
    {
      "uuid": "179a8b50-6167-404c-a8d5-dc26805a0d18",
      "title": "",
      "fullFile": "cypress/integration/Tumbler/Basic.spec.js",
      "file": "cypress/integration/Tumbler/Basic.spec.js",
      "beforeHooks": [],
      "afterHooks": [],
      "tests": [],
      "suites": [
        {
          "uuid": "2571ea08-7621-4eb3-8947-6d0c47e15197",
          "title": "Basic",
          "fullFile": "",
          "file": "",
          "beforeHooks": [],
          "afterHooks": [],
          "tests": [
            {
              "title": "when reload the page the background changes",
              "fullTitle": "Basic when reload the page the background changes",
              "timedOut": null,
              "duration": 6724,
              "state": "passed",
              "speed": "medium",
              "pass": true,
              "fail": false,
              "pending": false,
              "context": null,
              "code": "cy.get('img[loading=\"lazy\"]').invoke('attr', 'srcset').then(prevBackground => {\n  cy.reload();\n  cy.get('img[loading=\"lazy\"]').invoke('attr', 'srcset').then(currBackground => {\n    expect(currBackground).to.not.eq(prevBackground);\n  });\n});",
              "err": {},
              "uuid": "6464fe94-a6d7-42bb-8901-421355d8f48d",
              "parentUUID": "2571ea08-7621-4eb3-8947-6d0c47e15197",
              "isHook": false,
              "skipped": false
            }
          ],
          "suites": [],
          "passes": [
            "6464fe94-a6d7-42bb-8901-421355d8f48d"
          ],
          "failures": [],
          "pending": [],
          "skipped": [],
          "duration": 6724,
          "root": false,
          "rootEmpty": false,
          "_timeout": 2000
        }
      ],
      "passes": [],
      "failures": [],
      "pending": [],
      "skipped": [],
      "duration": 0,
      "root": true,
      "rootEmpty": true,
      "_timeout": 2000
    }
  ],
  "meta": {
    "mocha": {
      "version": "7.0.1"
    },
    "mochawesome": {
      "options": {
        "quiet": false,
        "reportFilename": "mochawesome",
        "saveHtml": true,
        "saveJson": true,
        "consoleReporter": "spec",
        "useInlineDiffs": false,
        "code": true
      },
      "version": "7.0.1"
    },
    "marge": {
      "options": {
        "id": "default",
        "reportDir": "cypress/reports/mocha",
        "quite": true,
        "overwrite": false,
        "video": true,
        "html": true,
        "json": true
      },
      "version": "6.0.1"
    }
  }
}