{
  "stats": {
    "suites": 10,
    "tests": 68,
    "passes": 40,
    "pending": 10,
    "failures": 18,
    "start": "2021-11-20T16:25:40.920Z",
    "end": "2021-11-20T17:06:34.982Z",
    "duration": 1031892,
    "testsRegistered": 68,
    "passPercent": 58.8235294117647,
    "pendingPercent": 14.705882352941176,
    "other": 0,
    "hasOther": false,
    "skipped": 0,
    "hasSkipped": false
  },
  "results": [
    {
      "uuid": "179a8b50-6167-404c-a8d5-dc26805a0d18",
      "title": "",
      "fullFile": "cypress/integration/Tumbler/Basic.spec.js",
      "file": "cypress/integration/Tumbler/Basic.spec.js",
      "beforeHooks": [],
      "afterHooks": [],
      "tests": [],
      "suites": [
        {
          "uuid": "2571ea08-7621-4eb3-8947-6d0c47e15197",
          "title": "Basic",
          "fullFile": "",
          "file": "",
          "beforeHooks": [],
          "afterHooks": [],
          "tests": [
            {
              "title": "when reload the page the background changes",
              "fullTitle": "Basic when reload the page the background changes",
              "timedOut": null,
              "duration": 6724,
              "state": "passed",
              "speed": "medium",
              "pass": true,
              "fail": false,
              "pending": false,
              "context": null,
              "code": "cy.get('img[loading=\"lazy\"]').invoke('attr', 'srcset').then(prevBackground => {\n  cy.reload();\n  cy.get('img[loading=\"lazy\"]').invoke('attr', 'srcset').then(currBackground => {\n    expect(currBackground).to.not.eq(prevBackground);\n  });\n});",
              "err": {},
              "uuid": "6464fe94-a6d7-42bb-8901-421355d8f48d",
              "parentUUID": "2571ea08-7621-4eb3-8947-6d0c47e15197",
              "isHook": false,
              "skipped": false
            }
          ],
          "suites": [],
          "passes": [
            "6464fe94-a6d7-42bb-8901-421355d8f48d"
          ],
          "failures": [],
          "pending": [],
          "skipped": [],
          "duration": 6724,
          "root": false,
          "rootEmpty": false,
          "_timeout": 2000
        }
      ],
      "passes": [],
      "failures": [],
      "pending": [],
      "skipped": [],
      "duration": 0,
      "root": true,
      "rootEmpty": true,
      "_timeout": 2000
    },
    {
      "uuid": "f2646d90-294c-4f21-867a-7d7b202ef65c",
      "title": "",
      "fullFile": "cypress/integration/Tumbler/Dashboard.spec.js",
      "file": "cypress/integration/Tumbler/Dashboard.spec.js",
      "beforeHooks": [],
      "afterHooks": [],
      "tests": [],
      "suites": [
        {
          "uuid": "224c15a9-535b-4c09-93ef-871f50bd1234",
          "title": "Dashboard",
          "fullFile": "",
          "file": "",
          "beforeHooks": [],
          "afterHooks": [],
          "tests": [
            {
              "title": "Post a text post",
              "fullTitle": "Dashboard Post a text post",
              "timedOut": null,
              "duration": 107968,
              "state": "passed",
              "speed": "slow",
              "pass": true,
              "fail": false,
              "pending": false,
              "context": null,
              "code": "let post = postsList.testpost1; // first thing I do I grab text post stored in sample data\nDashboardPOM.textPostButton().click(); // then click on Text \"Text\" at the dashboard to post a text\n// not sure of this yet but dealing with iframes is a headache to me \n// and this help to make it work because the iframe refers to another url\ncy.visit(\"https://www.tumblr.com/new/text\"); // here I assure that the post button is disabled as the post is still empty\n// then I fill the post data from the arbitrary data then press post\nPostboardPOM.postButton(\"button.button-area.disabled\").should('be.disabled').should(\"have.text\", \"Post\"); // ^___ this is a bad practice to send the selector as a string to the function\nPostboardPOM.postTitleDOM().type(post.title);\nPostboardPOM.postBodyDOM().type(post.textcontent);\nPostboardPOM.postTagsDOM().type(`${post.tags[0]} {enter}`);\nPostboardPOM.postTagsDOM().type(`${post.tags[1]} {enter}`);\nPostboardPOM.postButton('button.button-area').should('be.enabled').should(\"have.text\", \"Post\").click(); // redirection to the dashboard then open posts page\ncy.visit(\"https://www.tumblr.com/dashboard\");\nDashboardPOM.accountButton().click();\nDashboardPOM.accountLowerList().eq(0).click(); // this should be \"posts\" at the account menue\n// assure that tha post content are displayed at the screen \ncy.contains(post.title);\ncy.contains(post.textcontent);\ncy.contains(post.tags[0]);\ncy.contains(post.tags[1]); // it's a better practice that I check the data content at the post itself, the first post on the page  .\ncy.get('article').children('div').eq(1).find('h1').should('have.text', post.title);\ncy.get('article').children('div').eq(1).find('p').should('have.text', post.textcontent);",
              "err": {},
              "uuid": "fb45db0a-0f5b-4ec1-a83d-f8e01a1b1b0d",
              "parentUUID": "224c15a9-535b-4c09-93ef-871f50bd1234",
              "isHook": false,
              "skipped": false
            },
            {
              "title": "Post a Quote post",
              "fullTitle": "Dashboard Post a Quote post",
              "timedOut": null,
              "duration": 49257,
              "state": "passed",
              "speed": "slow",
              "pass": true,
              "fail": false,
              "pending": false,
              "context": null,
              "code": "let post = postsList.quotepost1;\nDashboardPOM.quotePostButton().click();\ncy.visit(\"https://www.tumblr.com/new/quote\");\nPostboardPOM.postButton(\"button.button-area.disabled\").should('be.disabled').should(\"have.text\", \"Post\");\nPostboardPOM.quoteDOM().type(post.quote);\nPostboardPOM.sourceDOM().type(post.source);\nPostboardPOM.postTagsDOM().type(`${post.tags[0]} {enter}`);\nPostboardPOM.postTagsDOM().type(`${post.tags[1]} {enter}`);\nPostboardPOM.postButton('button.button-area').should('be.enabled').click();\ncy.visit(\"https://www.tumblr.com/dashboard\");\nDashboardPOM.accountButton().click();\nDashboardPOM.accountLowerList().eq(0).click();\ncy.contains(post.quote);\ncy.contains(post.source);\ncy.contains(post.tags[0]);\ncy.contains(post.tags[1]);\ncy.get('article').children('div').eq(1).find('span').should('have.text', post.quote);\ncy.get('article').children('div').eq(1).find('p').should('have.text', post.source);",
              "err": {},
              "uuid": "0fe6c4ec-bffa-4923-bddc-b8beddcec534",
              "parentUUID": "224c15a9-535b-4c09-93ef-871f50bd1234",
              "isHook": false,
              "skipped": false
            },
            {
              "title": "Post a Photo post",
              "fullTitle": "Dashboard Post a Photo post",
              "timedOut": null,
              "duration": 61878,
              "state": "passed",
              "speed": "slow",
              "pass": true,
              "fail": false,
              "pending": false,
              "context": null,
              "code": "DashboardPOM.photoPostButton().click();\ncy.visit(\"https://www.tumblr.com/new/photo\");\nPostboardPOM.postButton(\"button.button-area.disabled\").should('be.disabled').should(\"have.text\", \"Post\");\nconst imageFile = \"2.jpg\";\nPostboardPOM.photoDOM().attachFile(imageFile);\ncy.wait(300);\nPostboardPOM.postButton('button.button-area').should('be.enabled').click({\n  force: true\n});\nDashboardPOM.accountButton().click();\nDashboardPOM.accountLowerList().eq(0).click();\ncy.get('figure').first().find('div').children();",
              "err": {},
              "uuid": "5b680f79-62b4-4e41-b3df-e2f14bdf8cab",
              "parentUUID": "224c15a9-535b-4c09-93ef-871f50bd1234",
              "isHook": false,
              "skipped": false
            }
          ],
          "suites": [],
          "passes": [
            "fb45db0a-0f5b-4ec1-a83d-f8e01a1b1b0d",
            "0fe6c4ec-bffa-4923-bddc-b8beddcec534",
            "5b680f79-62b4-4e41-b3df-e2f14bdf8cab"
          ],
          "failures": [],
          "pending": [],
          "skipped": [],
          "duration": 219103,
          "root": false,
          "rootEmpty": false,
          "_timeout": 2000
        },
        {
          "uuid": "6392b35d-7303-4e54-8f9b-32ecdf780492",
          "title": "logged",
          "fullFile": "",
          "file": "",
          "beforeHooks": [],
          "afterHooks": [],
          "tests": [
            {
              "title": "Post a text post",
              "fullTitle": "logged Post a text post",
              "timedOut": null,
              "duration": 23170,
              "state": "passed",
              "speed": "slow",
              "pass": true,
              "fail": false,
              "pending": false,
              "context": null,
              "code": "let post = postsList.testpost1; // first thing I do I grab text post stored in sample data\nDashboardPOM.textPostButton().click(); // then click on Text \"Text\" at the dashboard to post a text\n// not sure of this yet but dealing with iframes is a headache to me \n// and this help to make it work because the iframe refers to another url\ncy.visit(\"https://www.tumblr.com/new/text\"); // here I assure that the post button is disabled as the post is still empty\n// then I fill the post data from the arbitrary data then press post\nPostboardPOM.postButton(\"button.button-area.disabled\").should('be.disabled').should(\"have.text\", \"Post\"); // ^___ this is a bad practice to send the selector as a string to the function\nPostboardPOM.postTitleDOM().type(post.title);\nPostboardPOM.postBodyDOM().type(post.textcontent);\nPostboardPOM.postTagsDOM().type(`${post.tags[0]} {enter}`);\nPostboardPOM.postTagsDOM().type(`${post.tags[1]} {enter}`);\nPostboardPOM.postButton('button.button-area').should('be.enabled').should(\"have.text\", \"Post\").click(); // redirection to the dashboard then open posts page\ncy.visit(\"https://www.tumblr.com/dashboard\");\nDashboardPOM.accountButton().click();\nDashboardPOM.accountLowerList().eq(0).click(); // this should be \"posts\" at the account menue\n// assure that tha post content are displayed at the screen \ncy.contains(post.title);\ncy.contains(post.textcontent);\ncy.contains(post.tags[0]);\ncy.contains(post.tags[1]); // it's a better practice that I check the data content at the post itself, the first post on the page  .\ncy.get('article').children('div').eq(1).find('h1').should('have.text', post.title);\ncy.get('article').children('div').eq(1).find('p').should('have.text', post.textcontent);",
              "err": {},
              "uuid": "d3e68652-e91e-4982-9e0f-c7c9fbc41d46",
              "parentUUID": "6392b35d-7303-4e54-8f9b-32ecdf780492",
              "isHook": false,
              "skipped": false
            },
            {
              "title": "Post a Quote post",
              "fullTitle": "logged Post a Quote post",
              "timedOut": null,
              "duration": 28716,
              "state": "passed",
              "speed": "slow",
              "pass": true,
              "fail": false,
              "pending": false,
              "context": null,
              "code": "let post = postsList.quotepost1;\nDashboardPOM.quotePostButton().click();\ncy.visit(\"https://www.tumblr.com/new/quote\");\nPostboardPOM.postButton(\"button.button-area.disabled\").should('be.disabled').should(\"have.text\", \"Post\");\nPostboardPOM.quoteDOM().type(post.quote);\nPostboardPOM.sourceDOM().type(post.source);\nPostboardPOM.postTagsDOM().type(`${post.tags[0]} {enter}`);\nPostboardPOM.postTagsDOM().type(`${post.tags[1]} {enter}`);\nPostboardPOM.postButton('button.button-area').should('be.enabled').click();\ncy.visit(\"https://www.tumblr.com/dashboard\");\nDashboardPOM.accountButton().click();\nDashboardPOM.accountLowerList().eq(0).click();\ncy.contains(post.quote);\ncy.contains(post.source);\ncy.contains(post.tags[0]);\ncy.contains(post.tags[1]);\ncy.get('article').children('div').eq(1).find('span').should('have.text', post.quote);\ncy.get('article').children('div').eq(1).find('p').should('have.text', post.source);",
              "err": {},
              "uuid": "03a5f280-f5d8-4fc3-b912-14bfc95e7e5a",
              "parentUUID": "6392b35d-7303-4e54-8f9b-32ecdf780492",
              "isHook": false,
              "skipped": false
            },
            {
              "title": "Post a Photo post",
              "fullTitle": "logged Post a Photo post",
              "timedOut": null,
              "duration": 40242,
              "state": "passed",
              "speed": "slow",
              "pass": true,
              "fail": false,
              "pending": false,
              "context": null,
              "code": "DashboardPOM.photoPostButton().click();\ncy.visit(\"https://www.tumblr.com/new/photo\");\nPostboardPOM.postButton(\"button.button-area.disabled\").should('be.disabled').should(\"have.text\", \"Post\");\nconst imageFile = \"2.jpg\";\nPostboardPOM.photoDOM().attachFile(imageFile);\ncy.wait(300);\nPostboardPOM.postButton('button.button-area').should('be.enabled').click({\n  force: true\n});\nDashboardPOM.accountButton().click();\nDashboardPOM.accountLowerList().eq(0).click();\ncy.get('figure').first().find('div').children();",
              "err": {},
              "uuid": "3ede029a-e3a7-49ee-889f-10a65a7db5c6",
              "parentUUID": "6392b35d-7303-4e54-8f9b-32ecdf780492",
              "isHook": false,
              "skipped": false
            }
          ],
          "suites": [],
          "passes": [
            "d3e68652-e91e-4982-9e0f-c7c9fbc41d46",
            "03a5f280-f5d8-4fc3-b912-14bfc95e7e5a",
            "3ede029a-e3a7-49ee-889f-10a65a7db5c6"
          ],
          "failures": [],
          "pending": [],
          "skipped": [],
          "duration": 92128,
          "root": false,
          "rootEmpty": false,
          "_timeout": 2000
        }
      ],
      "passes": [],
      "failures": [],
      "pending": [],
      "skipped": [],
      "duration": 0,
      "root": true,
      "rootEmpty": true,
      "_timeout": 2000
    },
    {
      "uuid": "f00f86fe-45ae-46f0-81c2-d315d50a1c90",
      "title": "",
      "fullFile": "cypress/integration/Tumbler/emailverification.spec.js",
      "file": "cypress/integration/Tumbler/emailverification.spec.js",
      "beforeHooks": [],
      "afterHooks": [],
      "tests": [],
      "suites": [
        {
          "uuid": "00488018-0e46-449f-89d5-9d593f35547c",
          "title": "email verification",
          "fullFile": "",
          "file": "",
          "beforeHooks": [],
          "afterHooks": [],
          "tests": [
            {
              "title": "Signup New Email To Be Verified",
              "fullTitle": "email verification Signup New Email To Be Verified",
              "timedOut": null,
              "duration": 139307,
              "state": "passed",
              "speed": "slow",
              "pass": true,
              "fail": false,
              "pending": false,
              "context": null,
              "code": "cy.visit('https://www.tumblr.com/register');\nexpect(email).to.contain(\"@mailslurp\");\ncy.get('input[placeholder=\"Email\"]').type(email);\ncy.get('input[placeholder=\"Password\"]').type(password);\ncy.get('input[placeholder=\"Blog name\"]').type(\"ToTestEmailVerification22776677\");\ncy.get('button[aria-label=\"Sign up\"]').click();\ncy.get('input[placeholder=\"How old are you?\"]').type(22);\ncy.get('button[aria-label=\"Next\"]').click();\ncy.url().should('contain', 'getting_to_know_tumblr');\ncy.get('span.skip-button-container').contains(\"Skip\").should('have.text', 'Skip').click();\ncy.url().should('contain', 'dashboard');\ncy.get('h3.RUFdS').should('exist').contains(verificationSentence);\ncy.mailslurp().then(mailslurp => mailslurp.waitForLatestEmail(password, 30000, false)).then(email => {\n  // verify we received an email\n  assert.isDefined(email);\n  expect(email.subject).to.contain(emailVerificationMessages[0]);\n});",
              "err": {},
              "uuid": "af14e2d4-9a0e-4968-a18a-446b5b60a3e7",
              "parentUUID": "00488018-0e46-449f-89d5-9d593f35547c",
              "isHook": false,
              "skipped": false
            },
            {
              "title": "Check That Email Is Not Verified",
              "fullTitle": "email verification Check That Email Is Not Verified",
              "timedOut": null,
              "duration": 12500,
              "state": "passed",
              "speed": "slow",
              "pass": true,
              "fail": false,
              "pending": false,
              "context": null,
              "code": "cy.visit('https://www.tumblr.com/login');\ncy.login(new _login.default(), email, password);\ncy.url().should('contain', 'dashboard');\ncy.get('h3.RUFdS').should('exist').contains(verificationSentence);",
              "err": {},
              "uuid": "c88418ea-8d6f-4b66-b522-5b6bf74e6195",
              "parentUUID": "00488018-0e46-449f-89d5-9d593f35547c",
              "isHook": false,
              "skipped": false
            },
            {
              "title": "Verify email",
              "fullTitle": "email verification Verify email",
              "timedOut": null,
              "duration": 45740,
              "state": "failed",
              "speed": null,
              "pass": false,
              "fail": true,
              "pending": false,
              "context": null,
              "code": "cy.mailslurp().then(mailslurp => mailslurp.waitForLatestEmail(password, 30000, false)).then(email => {\n  // verify we received an email\n  assert.isDefined(email);\n  expect(email.subject).to.contain(emailVerificationMessages[0]);\n  cy.visit(`https://app.mailslurp.com/emails/${email.id}/`, {\n    failOnStatusCode: false\n  });\n  cy.contains(\"Login with Google\").click();\n  cy.wait(3000);\n  cy.visit(`https://app.mailslurp.com/emails/${email.id}/`, {\n    failOnStatusCode: false\n  });\n  MailSlurpPOM.VerificationLink().invoke('attr', 'src').then(link => {\n    cy.visit(link);\n    cy.contains(emailVerificationMessages[1]);\n    cy.contains(emailVerificationMessages[2]);\n    cy.contains(emailVerificationButtonText).click();\n    VerificationPOM.recaptcha().click();\n    cy.wait(10000);\n    VerificationPOM.verificationButton().contains(\"Verify Email\").click();\n  });\n});",
              "err": {
                "message": "AssertionError: Timed out retrying after 30000ms: Expected to find element: `iframe.iframe.iframe-content.html-preview.form-control[data-name=\"html-preview\"]`, but never found it.",
                "estack": "AssertionError: Timed out retrying after 30000ms: Expected to find element: `iframe.iframe.iframe-content.html-preview.form-control[data-name=\"html-preview\"]`, but never found it.\n    at MailSlurp.VerificationLink (https://app.mailslurp.com/__cypress/tests?p=cypress\\integration\\Tumbler\\emailverification.spec.js:172:15)\n    at Context.eval (https://app.mailslurp.com/__cypress/tests?p=cypress\\integration\\Tumbler\\emailverification.spec.js:293:20)",
                "diff": null
              },
              "uuid": "dd2332cf-79eb-486c-8556-e8098a1ed3ac",
              "parentUUID": "00488018-0e46-449f-89d5-9d593f35547c",
              "isHook": false,
              "skipped": false
            },
            {
              "title": "check email has been verified",
              "fullTitle": "email verification check email has been verified",
              "timedOut": null,
              "duration": 38215,
              "state": "failed",
              "speed": null,
              "pass": false,
              "fail": true,
              "pending": false,
              "context": null,
              "code": "cy.visit('https://www.tumblr.com/login');\ncy.login(new _login.default(), email, password);\ncy.url().should('contain', 'dashboard');\ncy.get('h3.RUFdS').should('not.exist');",
              "err": {
                "message": "AssertionError: Timed out retrying after 30000ms: Expected <h3.RUFdS> not to exist in the DOM, but it was continuously found.",
                "estack": "AssertionError: Timed out retrying after 30000ms: Expected <h3.RUFdS> not to exist in the DOM, but it was continuously found.\n    at Context.eval (https://www.tumblr.com/__cypress/tests?p=cypress\\integration\\Tumbler\\emailverification.spec.js:308:24)",
                "diff": null
              },
              "uuid": "05378968-235a-4b63-a330-fc61313fde9c",
              "parentUUID": "00488018-0e46-449f-89d5-9d593f35547c",
              "isHook": false,
              "skipped": false
            }
          ],
          "suites": [],
          "passes": [
            "af14e2d4-9a0e-4968-a18a-446b5b60a3e7",
            "c88418ea-8d6f-4b66-b522-5b6bf74e6195"
          ],
          "failures": [
            "dd2332cf-79eb-486c-8556-e8098a1ed3ac",
            "05378968-235a-4b63-a330-fc61313fde9c"
          ],
          "pending": [],
          "skipped": [],
          "duration": 235762,
          "root": false,
          "rootEmpty": false,
          "_timeout": 2000
        }
      ],
      "passes": [],
      "failures": [],
      "pending": [],
      "skipped": [],
      "duration": 0,
      "root": true,
      "rootEmpty": true,
      "_timeout": 2000
    },
    {
      "uuid": "a56c7476-9b17-46a5-ac09-e4f5bc81339a",
      "title": "",
      "fullFile": "cypress/integration/Tumbler/HelpCenter.spec.js",
      "file": "cypress/integration/Tumbler/HelpCenter.spec.js",
      "beforeHooks": [],
      "afterHooks": [],
      "tests": [],
      "suites": [
        {
          "uuid": "32240a65-d44f-479d-9313-a7ac780e0ef2",
          "title": "Help center",
          "fullFile": "",
          "file": "",
          "beforeHooks": [],
          "afterHooks": [],
          "tests": [
            {
              "title": "access blog without sign in",
              "fullTitle": "Help center access blog without sign in",
              "timedOut": null,
              "duration": 56255,
              "state": "failed",
              "speed": null,
              "pass": false,
              "fail": true,
              "pending": false,
              "context": null,
              "code": "/*\ncy.visit('https://www.tumblr.com/');\n\nLoginPOM = new Login();\n  cy.fixture('userAuthData').then((user) => {\n    email = user.email;\n    password = user.password;\n});\n  LoginPOM.loginButton().click({force:true});\n  fillEmailAndPassword(\"ziad.yousef00@eng-st.cu.edu.eg\",\"6102000z\");\n      cy.get('button[aria-label = \"Account\"]').click();\ncy.get('a[href=\"/help\"]').click();\n*/\ncy.visit('https://tumblr.zendesk.com/hc/en-us#');\ncy.get('a[class=\"article-list-link\"]').each($el => {\n  cy.wrap($el).click();\n  cy.contains(helpPageContent).should(\"be.visible\");\n});",
              "err": {
                "message": "AssertionError: Timed out retrying after 30000ms: Expected to find element: `a[class=\"article-list-link\"]`, but never found it.",
                "estack": "AssertionError: Timed out retrying after 30000ms: Expected to find element: `a[class=\"article-list-link\"]`, but never found it.\n    at Context.eval (https://tumblr.zendesk.com/__cypress/tests?p=cypress\\integration\\Tumbler\\HelpCenter.spec.js:185:8)",
                "diff": null
              },
              "uuid": "f2105f05-9d7c-4d13-889e-dfd7552e2419",
              "parentUUID": "32240a65-d44f-479d-9313-a7ac780e0ef2",
              "isHook": false,
              "skipped": false
            }
          ],
          "suites": [],
          "passes": [],
          "failures": [
            "f2105f05-9d7c-4d13-889e-dfd7552e2419"
          ],
          "pending": [],
          "skipped": [],
          "duration": 56255,
          "root": false,
          "rootEmpty": false,
          "_timeout": 2000
        }
      ],
      "passes": [],
      "failures": [],
      "pending": [],
      "skipped": [],
      "duration": 0,
      "root": true,
      "rootEmpty": true,
      "_timeout": 2000
    },
    {
      "uuid": "69756a7e-f999-4dfc-ad38-2d3ad11b10c9",
      "title": "",
      "fullFile": "cypress/integration/Tumbler/Login.spec.js",
      "file": "cypress/integration/Tumbler/Login.spec.js",
      "beforeHooks": [],
      "afterHooks": [],
      "tests": [],
      "suites": [
        {
          "uuid": "27d47c18-9b9f-4ab1-ae7f-24bbea83981b",
          "title": "Logging In With App Bar Button",
          "fullFile": "",
          "file": "",
          "beforeHooks": [],
          "afterHooks": [],
          "tests": [
            {
              "title": "log in with empty email",
              "fullTitle": "Logging In With App Bar Button log in with empty email",
              "timedOut": null,
              "duration": 8421,
              "state": "passed",
              "speed": "medium",
              "pass": true,
              "fail": false,
              "pending": false,
              "context": null,
              "code": "pressAppBarLoginButton();\nfillEmailAndPassword(\"\", password);\n(0, _pageassertion.fail)(emptyEmailMessage);",
              "err": {},
              "uuid": "04a086ea-614c-4041-917f-9f1759dfe085",
              "parentUUID": "27d47c18-9b9f-4ab1-ae7f-24bbea83981b",
              "isHook": false,
              "skipped": false
            },
            {
              "title": "log in with empty password",
              "fullTitle": "Logging In With App Bar Button log in with empty password",
              "timedOut": null,
              "duration": 5172,
              "state": "passed",
              "speed": "medium",
              "pass": true,
              "fail": false,
              "pending": false,
              "context": null,
              "code": "pressAppBarLoginButton();\nfillEmailAndPassword(email, \"\");\n(0, _pageassertion.fail)(emptyPasswordMessage);",
              "err": {},
              "uuid": "e256b1f0-2d43-4a66-97da-628f02805226",
              "parentUUID": "27d47c18-9b9f-4ab1-ae7f-24bbea83981b",
              "isHook": false,
              "skipped": false
            },
            {
              "title": "log in with empty email and password",
              "fullTitle": "Logging In With App Bar Button log in with empty email and password",
              "timedOut": null,
              "duration": 4503,
              "state": "passed",
              "speed": "fast",
              "pass": true,
              "fail": false,
              "pending": false,
              "context": null,
              "code": "pressAppBarLoginButton();\nfillEmailAndPassword(\"\", \"\");\n(0, _pageassertion.fail)(emptyEmailAndPasswordMessage);",
              "err": {},
              "uuid": "b1a9f7a1-0709-4919-86ef-6f8c44832459",
              "parentUUID": "27d47c18-9b9f-4ab1-ae7f-24bbea83981b",
              "isHook": false,
              "skipped": false
            },
            {
              "title": "log in with valid email not valid password",
              "fullTitle": "Logging In With App Bar Button log in with valid email not valid password",
              "timedOut": null,
              "duration": 4557,
              "state": "passed",
              "speed": "fast",
              "pass": true,
              "fail": false,
              "pending": false,
              "context": null,
              "code": "pressAppBarLoginButton();\nfillEmailAndPassword(email, \"WRONG PASSWORD\");\n(0, _pageassertion.fail)(inCorrectMessage);",
              "err": {},
              "uuid": "af0a7e54-f0b7-4e20-8a88-7a10052e355c",
              "parentUUID": "27d47c18-9b9f-4ab1-ae7f-24bbea83981b",
              "isHook": false,
              "skipped": false
            },
            {
              "title": "log in with not valid email valid password (1)",
              "fullTitle": "Logging In With App Bar Button log in with not valid email valid password (1)",
              "timedOut": null,
              "duration": 4571,
              "state": "passed",
              "speed": "fast",
              "pass": true,
              "fail": false,
              "pending": false,
              "context": null,
              "code": "pressAppBarLoginButton();\nfillEmailAndPassword(\"TEST_EMAIL\", password);\n(0, _pageassertion.fail)(inCorrectMessage);",
              "err": {},
              "uuid": "e6b81858-a6cd-4359-943a-87d6b658b5fe",
              "parentUUID": "27d47c18-9b9f-4ab1-ae7f-24bbea83981b",
              "isHook": false,
              "skipped": false
            },
            {
              "title": "log in with not valid email valid password (2)",
              "fullTitle": "Logging In With App Bar Button log in with not valid email valid password (2)",
              "timedOut": null,
              "duration": 4856,
              "state": "passed",
              "speed": "fast",
              "pass": true,
              "fail": false,
              "pending": false,
              "context": null,
              "code": "pressAppBarLoginButton();\nfillEmailAndPassword(\"TEST_EMAIL@gmail\", password);\n(0, _pageassertion.fail)(inCorrectMessage);",
              "err": {},
              "uuid": "623bb65b-aba5-4931-8193-da5739b6c680",
              "parentUUID": "27d47c18-9b9f-4ab1-ae7f-24bbea83981b",
              "isHook": false,
              "skipped": false
            },
            {
              "title": "log in with not valid email valid password (3)",
              "fullTitle": "Logging In With App Bar Button log in with not valid email valid password (3)",
              "timedOut": null,
              "duration": 4338,
              "state": "passed",
              "speed": "fast",
              "pass": true,
              "fail": false,
              "pending": false,
              "context": null,
              "code": "pressAppBarLoginButton();\nfillEmailAndPassword(\"TEST_EMAIL.com\", password);\n(0, _pageassertion.fail)(inCorrectMessage);",
              "err": {},
              "uuid": "20677cba-5298-4af5-97d4-8e0bb43f23dc",
              "parentUUID": "27d47c18-9b9f-4ab1-ae7f-24bbea83981b",
              "isHook": false,
              "skipped": false
            },
            {
              "title": "log in with not registered email valid password",
              "fullTitle": "Logging In With App Bar Button log in with not registered email valid password",
              "timedOut": null,
              "duration": 5036,
              "state": "passed",
              "speed": "medium",
              "pass": true,
              "fail": false,
              "pending": false,
              "context": null,
              "code": "pressAppBarLoginButton();\nfillEmailAndPassword(\"TEST_EMAIL@yahoo.com\", password);\n(0, _pageassertion.fail)(inCorrectMessage);",
              "err": {},
              "uuid": "14ffe266-0296-4257-8ded-7ddbe744bd81",
              "parentUUID": "27d47c18-9b9f-4ab1-ae7f-24bbea83981b",
              "isHook": false,
              "skipped": false
            },
            {
              "title": "successfully log in",
              "fullTitle": "Logging In With App Bar Button successfully log in",
              "timedOut": null,
              "duration": 9123,
              "state": "passed",
              "speed": "medium",
              "pass": true,
              "fail": false,
              "pending": false,
              "context": null,
              "code": "pressAppBarLoginButton();\nfillEmailAndPassword(email, password);\n(0, _pageassertion.success)();\ncy.url().should('include', \"dashboard\");",
              "err": {},
              "uuid": "7851a44c-e429-4ec6-81a2-0efe94f73345",
              "parentUUID": "27d47c18-9b9f-4ab1-ae7f-24bbea83981b",
              "isHook": false,
              "skipped": false
            },
            {
              "title": "successfully log in with command",
              "fullTitle": "Logging In With App Bar Button successfully log in with command",
              "timedOut": null,
              "duration": 19234,
              "state": "passed",
              "speed": "slow",
              "pass": true,
              "fail": false,
              "pending": false,
              "context": null,
              "code": "pressAppBarLoginButton();\ncy.login(LoginPOM, email, password);\ncy.url().should('include', \"dashboard\");",
              "err": {},
              "uuid": "458a4339-9e78-410d-aaa0-f96292a7d190",
              "parentUUID": "27d47c18-9b9f-4ab1-ae7f-24bbea83981b",
              "isHook": false,
              "skipped": false
            }
          ],
          "suites": [],
          "passes": [
            "04a086ea-614c-4041-917f-9f1759dfe085",
            "e256b1f0-2d43-4a66-97da-628f02805226",
            "b1a9f7a1-0709-4919-86ef-6f8c44832459",
            "af0a7e54-f0b7-4e20-8a88-7a10052e355c",
            "e6b81858-a6cd-4359-943a-87d6b658b5fe",
            "623bb65b-aba5-4931-8193-da5739b6c680",
            "20677cba-5298-4af5-97d4-8e0bb43f23dc",
            "14ffe266-0296-4257-8ded-7ddbe744bd81",
            "7851a44c-e429-4ec6-81a2-0efe94f73345",
            "458a4339-9e78-410d-aaa0-f96292a7d190"
          ],
          "failures": [],
          "pending": [],
          "skipped": [],
          "duration": 69811,
          "root": false,
          "rootEmpty": false,
          "_timeout": 2000
        },
        {
          "uuid": "e678275b-30a8-4d3f-ac81-dab23b657ac7",
          "title": "Logging In With Body Button",
          "fullFile": "",
          "file": "",
          "beforeHooks": [],
          "afterHooks": [],
          "tests": [
            {
              "title": "log in with empty email",
              "fullTitle": "Logging In With Body Button log in with empty email",
              "timedOut": null,
              "duration": 0,
              "state": "pending",
              "speed": null,
              "pass": false,
              "fail": false,
              "pending": true,
              "context": null,
              "code": "",
              "err": {},
              "uuid": "2cc15153-9c37-43bb-a288-1f20fce1c3b0",
              "parentUUID": "e678275b-30a8-4d3f-ac81-dab23b657ac7",
              "isHook": false,
              "skipped": false
            },
            {
              "title": "log in with empty password",
              "fullTitle": "Logging In With Body Button log in with empty password",
              "timedOut": null,
              "duration": 0,
              "state": "pending",
              "speed": null,
              "pass": false,
              "fail": false,
              "pending": true,
              "context": null,
              "code": "",
              "err": {},
              "uuid": "fe4d7741-16f8-4af2-9833-eefcbbaf586e",
              "parentUUID": "e678275b-30a8-4d3f-ac81-dab23b657ac7",
              "isHook": false,
              "skipped": false
            },
            {
              "title": "log in with empty email and password",
              "fullTitle": "Logging In With Body Button log in with empty email and password",
              "timedOut": null,
              "duration": 0,
              "state": "pending",
              "speed": null,
              "pass": false,
              "fail": false,
              "pending": true,
              "context": null,
              "code": "",
              "err": {},
              "uuid": "f4484742-3fa7-42c0-96f4-850108a9f2b5",
              "parentUUID": "e678275b-30a8-4d3f-ac81-dab23b657ac7",
              "isHook": false,
              "skipped": false
            },
            {
              "title": "log in with valid email not valid password",
              "fullTitle": "Logging In With Body Button log in with valid email not valid password",
              "timedOut": null,
              "duration": 0,
              "state": "pending",
              "speed": null,
              "pass": false,
              "fail": false,
              "pending": true,
              "context": null,
              "code": "",
              "err": {},
              "uuid": "fe6db9a0-579b-47d7-9249-21f9e85ae1ea",
              "parentUUID": "e678275b-30a8-4d3f-ac81-dab23b657ac7",
              "isHook": false,
              "skipped": false
            },
            {
              "title": "log in with not valid email valid password (1)",
              "fullTitle": "Logging In With Body Button log in with not valid email valid password (1)",
              "timedOut": null,
              "duration": 0,
              "state": "pending",
              "speed": null,
              "pass": false,
              "fail": false,
              "pending": true,
              "context": null,
              "code": "",
              "err": {},
              "uuid": "266f3f23-161b-439c-b7ac-1799707c0c32",
              "parentUUID": "e678275b-30a8-4d3f-ac81-dab23b657ac7",
              "isHook": false,
              "skipped": false
            },
            {
              "title": "log in with not valid email valid password (2)",
              "fullTitle": "Logging In With Body Button log in with not valid email valid password (2)",
              "timedOut": null,
              "duration": 0,
              "state": "pending",
              "speed": null,
              "pass": false,
              "fail": false,
              "pending": true,
              "context": null,
              "code": "",
              "err": {},
              "uuid": "576900cb-0d96-401a-add5-64e3a02ecfd6",
              "parentUUID": "e678275b-30a8-4d3f-ac81-dab23b657ac7",
              "isHook": false,
              "skipped": false
            },
            {
              "title": "log in with not valid email valid password (3)",
              "fullTitle": "Logging In With Body Button log in with not valid email valid password (3)",
              "timedOut": null,
              "duration": 0,
              "state": "pending",
              "speed": null,
              "pass": false,
              "fail": false,
              "pending": true,
              "context": null,
              "code": "",
              "err": {},
              "uuid": "d9737986-9c32-48a8-a502-58098b8b0c39",
              "parentUUID": "e678275b-30a8-4d3f-ac81-dab23b657ac7",
              "isHook": false,
              "skipped": false
            },
            {
              "title": "log in with not registered email valid password",
              "fullTitle": "Logging In With Body Button log in with not registered email valid password",
              "timedOut": null,
              "duration": 0,
              "state": "pending",
              "speed": null,
              "pass": false,
              "fail": false,
              "pending": true,
              "context": null,
              "code": "",
              "err": {},
              "uuid": "82196b0b-11da-4862-a58f-8c0f3af451cc",
              "parentUUID": "e678275b-30a8-4d3f-ac81-dab23b657ac7",
              "isHook": false,
              "skipped": false
            },
            {
              "title": "successfully log in",
              "fullTitle": "Logging In With Body Button successfully log in",
              "timedOut": null,
              "duration": 0,
              "state": "pending",
              "speed": null,
              "pass": false,
              "fail": false,
              "pending": true,
              "context": null,
              "code": "",
              "err": {},
              "uuid": "038c6529-0111-42df-8742-e230215ca316",
              "parentUUID": "e678275b-30a8-4d3f-ac81-dab23b657ac7",
              "isHook": false,
              "skipped": false
            },
            {
              "title": "successfully log in with command",
              "fullTitle": "Logging In With Body Button successfully log in with command",
              "timedOut": null,
              "duration": 0,
              "state": "pending",
              "speed": null,
              "pass": false,
              "fail": false,
              "pending": true,
              "context": null,
              "code": "",
              "err": {},
              "uuid": "a761038b-d4c1-418a-9a58-8e238e839b02",
              "parentUUID": "e678275b-30a8-4d3f-ac81-dab23b657ac7",
              "isHook": false,
              "skipped": false
            }
          ],
          "suites": [],
          "passes": [],
          "failures": [],
          "pending": [
            "2cc15153-9c37-43bb-a288-1f20fce1c3b0",
            "fe4d7741-16f8-4af2-9833-eefcbbaf586e",
            "f4484742-3fa7-42c0-96f4-850108a9f2b5",
            "fe6db9a0-579b-47d7-9249-21f9e85ae1ea",
            "266f3f23-161b-439c-b7ac-1799707c0c32",
            "576900cb-0d96-401a-add5-64e3a02ecfd6",
            "d9737986-9c32-48a8-a502-58098b8b0c39",
            "82196b0b-11da-4862-a58f-8c0f3af451cc",
            "038c6529-0111-42df-8742-e230215ca316",
            "a761038b-d4c1-418a-9a58-8e238e839b02"
          ],
          "skipped": [],
          "duration": 0,
          "root": false,
          "rootEmpty": false,
          "_timeout": 2000
        }
      ],
      "passes": [],
      "failures": [],
      "pending": [],
      "skipped": [],
      "duration": 0,
      "root": true,
      "rootEmpty": true,
      "_timeout": 2000
    },
    {
      "uuid": "74ebe154-42ea-4e76-8c28-109f7b72593c",
      "title": "",
      "fullFile": "cypress/integration/Tumbler/resetpassword.spec.js",
      "file": "cypress/integration/Tumbler/resetpassword.spec.js",
      "beforeHooks": [],
      "afterHooks": [],
      "tests": [],
      "suites": [
        {
          "uuid": "7b00a4b8-591c-4f0e-9636-9963d380c6f4",
          "title": "reset password",
          "fullFile": "",
          "file": "",
          "beforeHooks": [],
          "afterHooks": [],
          "tests": [
            {
              "title": "Log In With Old Password",
              "fullTitle": "reset password Log In With Old Password",
              "timedOut": null,
              "duration": 12898,
              "state": "passed",
              "speed": "slow",
              "pass": true,
              "fail": false,
              "pending": false,
              "context": null,
              "code": "cy.visit(\"https://www.tumblr.com/login\");\ncy.login(LoginPOM, emailAddress, password);",
              "err": {},
              "uuid": "70dd2b4b-2276-4f05-8206-9db314b23205",
              "parentUUID": "7b00a4b8-591c-4f0e-9636-9963d380c6f4",
              "isHook": false,
              "skipped": false
            },
            {
              "title": "Send Reset Password Email",
              "fullTitle": "reset password Send Reset Password Email",
              "timedOut": null,
              "duration": 19045,
              "state": "failed",
              "speed": null,
              "pass": false,
              "fail": true,
              "pending": false,
              "context": null,
              "code": "openResetPasswordScreen(LoginPOM, ResetPasswordPOM);\ncy.wait(10000);\nResetPasswordPOM.recaptchaChecker().invoke('attr', 'aria-checked').then(isChecked => {\n  expect(isChecked).eq(\"true\");\n});\nInteractWithResetPasswordScreen(ResetPasswordPOM, emailAddress);\ncy.url().should('include', 'forgot_password');\ncy.contains(sentenceChecker[0]);\ncy.contains(sentenceChecker[1]);\ncy.contains(sentenceChecker[2]);\nResetPasswordPOM.doneButton().should(\"exist\").click();\ncy.url().should('eq', \"https://www.tumblr.com/\");",
              "err": {
                "message": "AssertionError: expected 'false' to equal 'true'",
                "estack": "AssertionError: expected 'false' to equal 'true'\n    at Context.eval (https://www.tumblr.com/__cypress/tests?p=cypress\\integration\\Tumbler\\resetpassword.spec.js:414:25)",
                "diff": "- 'false'\n+ 'true'\n"
              },
              "uuid": "59e26f17-f30d-4afb-b6b3-f52f86cfb7a4",
              "parentUUID": "7b00a4b8-591c-4f0e-9636-9963d380c6f4",
              "isHook": false,
              "skipped": false
            },
            {
              "title": "Click Reset Button With No Email",
              "fullTitle": "reset password Click Reset Button With No Email",
              "timedOut": null,
              "duration": 8009,
              "state": "passed",
              "speed": "medium",
              "pass": true,
              "fail": false,
              "pending": false,
              "context": null,
              "code": "openResetPasswordScreen(LoginPOM, ResetPasswordPOM);\nInteractWithResetPasswordScreen(ResetPasswordPOM, '');\ncy.contains(\"Please enter your email address.\");\ncy.url().should('include', 'forgot_password');\nResetPasswordPOM.doneButton().should('not.exist');\ncy.url().should('not.eq', \"https://www.tumblr.com/\");",
              "err": {},
              "uuid": "36e5d181-5502-4ba8-bc17-c6b5bd3ab85c",
              "parentUUID": "7b00a4b8-591c-4f0e-9636-9963d380c6f4",
              "isHook": false,
              "skipped": false
            }
          ],
          "suites": [
            {
              "uuid": "b4455ab5-a7e6-47b3-af8c-76a2e3c13f5d",
              "title": "Reset With New Password",
              "fullFile": "",
              "file": "",
              "beforeHooks": [],
              "afterHooks": [],
              "tests": [
                {
                  "title": "Check Reset Password Email",
                  "fullTitle": "reset password Reset With New Password Check Reset Password Email",
                  "timedOut": null,
                  "duration": 2313,
                  "state": "failed",
                  "speed": null,
                  "pass": false,
                  "fail": true,
                  "pending": false,
                  "context": null,
                  "code": "cy.mailslurp().then(mailslurp => mailslurp.waitForLatestEmail(password, 30000, false)).then(email => {\n  // verify we received an email\n  assert.isDefined(email);\n  expect(email.subject).to.contain(emailVerificationMessages[0]);\n  resetPasswordLink = email.body.substring(email.body.indexOf(linkExtractStart), email.body.indexOf(linkExtractEnd)).substr(linkExtractIndex);\n});",
                  "err": {
                    "message": "AssertionError: expected 'Your account has been logged into.' to include 'Tumblr Password'",
                    "estack": "AssertionError: expected 'Your account has been logged into.' to include 'Tumblr Password'\n    at Context.eval (https://www.tumblr.com/__cypress/tests?p=cypress\\integration\\Tumbler\\resetpassword.spec.js:437:9)",
                    "diff": null
                  },
                  "uuid": "78697498-bbc1-4f06-a6be-6ce491e3576d",
                  "parentUUID": "b4455ab5-a7e6-47b3-af8c-76a2e3c13f5d",
                  "isHook": false,
                  "skipped": false
                },
                {
                  "title": "Reset Password With Same Old Password",
                  "fullTitle": "reset password Reset With New Password Reset Password With Same Old Password",
                  "timedOut": null,
                  "duration": 422,
                  "state": "failed",
                  "speed": null,
                  "pass": false,
                  "fail": true,
                  "pending": false,
                  "context": null,
                  "code": "cy.visit(resetPasswordLink);\ncy.url().should('include', 'reset_password');\nResetPasswordPOM.emailFromEmailField(emailAddress).should('have.value', emailAddress);\nResetPasswordPOM.newPasswordFromEmailField().type(password);\nResetPasswordPOM.confirmNewPasswordFromEmailField().type(password);\nResetPasswordPOM.setNewPasswordButton().click();\ncy.url().should('include', 'reset_password');\ncy.contains(\"Sorry, you've used that password before. You must choose a new password.\");",
                  "err": {
                    "message": "CypressError: `cy.visit()` must be called with a `url` or an `options` object containing a `url` as its 1st argument\n\nhttps://on.cypress.io/visit",
                    "estack": "CypressError: `cy.visit()` must be called with a `url` or an `options` object containing a `url` as its 1st argument\n\nhttps://on.cypress.io/visit\n    at Context.visit (https://www.tumblr.com/__cypress/runner/cypress_runner.js:157797:78)\nFrom Your Spec Code:\n    at Context.eval (https://www.tumblr.com/__cypress/tests?p=cypress\\integration\\Tumbler\\resetpassword.spec.js:442:10)",
                    "diff": null
                  },
                  "uuid": "c38daae2-6755-4191-a3ce-bd4a016b9f49",
                  "parentUUID": "b4455ab5-a7e6-47b3-af8c-76a2e3c13f5d",
                  "isHook": false,
                  "skipped": false
                },
                {
                  "title": "Reset Password With Weak New Password",
                  "fullTitle": "reset password Reset With New Password Reset Password With Weak New Password",
                  "timedOut": null,
                  "duration": 353,
                  "state": "failed",
                  "speed": null,
                  "pass": false,
                  "fail": true,
                  "pending": false,
                  "context": null,
                  "code": "cy.visit(resetPasswordLink);\ncy.url().should('include', 'reset_password');\nResetPasswordPOM.emailFromEmailField(emailAddress).should('have.value', emailAddress);\nResetPasswordPOM.newPasswordFromEmailField().type(weakNewPassword);\nResetPasswordPOM.confirmNewPasswordFromEmailField().type(weakNewPassword);\nResetPasswordPOM.setNewPasswordButton().click();\ncy.url().should('include', 'reset_password');\nResetPasswordPOM.setNewPasswordErrorParagraph().should('have.text', weakNewPasswordErrorMessage);",
                  "err": {
                    "message": "CypressError: `cy.visit()` must be called with a `url` or an `options` object containing a `url` as its 1st argument\n\nhttps://on.cypress.io/visit",
                    "estack": "CypressError: `cy.visit()` must be called with a `url` or an `options` object containing a `url` as its 1st argument\n\nhttps://on.cypress.io/visit\n    at Context.visit (https://www.tumblr.com/__cypress/runner/cypress_runner.js:157797:78)\nFrom Your Spec Code:\n    at Context.eval (https://www.tumblr.com/__cypress/tests?p=cypress\\integration\\Tumbler\\resetpassword.spec.js:452:10)",
                    "diff": null
                  },
                  "uuid": "97f2d252-e58a-4d2b-8b95-dd99f6c174b1",
                  "parentUUID": "b4455ab5-a7e6-47b3-af8c-76a2e3c13f5d",
                  "isHook": false,
                  "skipped": false
                },
                {
                  "title": "Reset Password With Weak New Password",
                  "fullTitle": "reset password Reset With New Password Reset Password With Weak New Password",
                  "timedOut": null,
                  "duration": 477,
                  "state": "failed",
                  "speed": null,
                  "pass": false,
                  "fail": true,
                  "pending": false,
                  "context": null,
                  "code": "cy.visit(resetPasswordLink);\ncy.url().should('include', 'reset_password');\nResetPasswordPOM.emailFromEmailField(emailAddress).should('have.value', emailAddress);\nResetPasswordPOM.newPasswordFromEmailField().type(weakNewPassword);\nResetPasswordPOM.confirmNewPasswordFromEmailField().type(weakNewPassword);\nResetPasswordPOM.setNewPasswordButton().click();\ncy.url().should('include', 'reset_password');\nResetPasswordPOM.setNewPasswordErrorParagraph().should('have.text', weakNewPasswordErrorMessage);",
                  "err": {
                    "message": "CypressError: `cy.visit()` must be called with a `url` or an `options` object containing a `url` as its 1st argument\n\nhttps://on.cypress.io/visit",
                    "estack": "CypressError: `cy.visit()` must be called with a `url` or an `options` object containing a `url` as its 1st argument\n\nhttps://on.cypress.io/visit\n    at Context.visit (https://www.tumblr.com/__cypress/runner/cypress_runner.js:157797:78)\nFrom Your Spec Code:\n    at Context.eval (https://www.tumblr.com/__cypress/tests?p=cypress\\integration\\Tumbler\\resetpassword.spec.js:462:10)",
                    "diff": null
                  },
                  "uuid": "20df9275-8e11-4bcb-9b39-adccbfe57541",
                  "parentUUID": "b4455ab5-a7e6-47b3-af8c-76a2e3c13f5d",
                  "isHook": false,
                  "skipped": false
                },
                {
                  "title": "Reset Password Doesn't Match Confirmation",
                  "fullTitle": "reset password Reset With New Password Reset Password Doesn't Match Confirmation",
                  "timedOut": null,
                  "duration": 496,
                  "state": "failed",
                  "speed": null,
                  "pass": false,
                  "fail": true,
                  "pending": false,
                  "context": null,
                  "code": "cy.visit(resetPasswordLink);\ncy.url().should('include', 'reset_password');\nResetPasswordPOM.emailFromEmailField(emailAddress).should('have.value', emailAddress);\nResetPasswordPOM.newPasswordFromEmailField().type(newPassword);\nResetPasswordPOM.confirmNewPasswordFromEmailField().type(password);\nResetPasswordPOM.setNewPasswordButton().click();\ncy.url().should('include', 'reset_password');\nResetPasswordPOM.setNewPasswordErrorParagraph().should('have.text', notMatchingErrorMessage);",
                  "err": {
                    "message": "CypressError: `cy.visit()` must be called with a `url` or an `options` object containing a `url` as its 1st argument\n\nhttps://on.cypress.io/visit",
                    "estack": "CypressError: `cy.visit()` must be called with a `url` or an `options` object containing a `url` as its 1st argument\n\nhttps://on.cypress.io/visit\n    at Context.visit (https://www.tumblr.com/__cypress/runner/cypress_runner.js:157797:78)\nFrom Your Spec Code:\n    at Context.eval (https://www.tumblr.com/__cypress/tests?p=cypress\\integration\\Tumbler\\resetpassword.spec.js:472:10)",
                    "diff": null
                  },
                  "uuid": "d562db8a-8bd3-47ce-898b-6d3fc3fcdc3e",
                  "parentUUID": "b4455ab5-a7e6-47b3-af8c-76a2e3c13f5d",
                  "isHook": false,
                  "skipped": false
                },
                {
                  "title": "Reset Password With New Password",
                  "fullTitle": "reset password Reset With New Password Reset Password With New Password",
                  "timedOut": null,
                  "duration": 425,
                  "state": "failed",
                  "speed": null,
                  "pass": false,
                  "fail": true,
                  "pending": false,
                  "context": null,
                  "code": "cy.visit(resetPasswordLink);\ncy.url().should('include', 'reset_password');\nResetPasswordPOM.emailFromEmailField(emailAddress).should('have.value', emailAddress);\nResetPasswordPOM.newPasswordFromEmailField().type(newPassword);\nResetPasswordPOM.confirmNewPasswordFromEmailField().type(newPassword);\nResetPasswordPOM.setNewPasswordButton().click();\ncy.url().should('not.include', 'reset_password');\ncy.url().should('include', 'dashboard');\n(0, _pageassertion.success)();",
                  "err": {
                    "message": "CypressError: `cy.visit()` must be called with a `url` or an `options` object containing a `url` as its 1st argument\n\nhttps://on.cypress.io/visit",
                    "estack": "CypressError: `cy.visit()` must be called with a `url` or an `options` object containing a `url` as its 1st argument\n\nhttps://on.cypress.io/visit\n    at Context.visit (https://www.tumblr.com/__cypress/runner/cypress_runner.js:157797:78)\nFrom Your Spec Code:\n    at Context.eval (https://www.tumblr.com/__cypress/tests?p=cypress\\integration\\Tumbler\\resetpassword.spec.js:482:10)",
                    "diff": null
                  },
                  "uuid": "686b807d-51cf-4a2f-b0e3-e6871760d9d3",
                  "parentUUID": "b4455ab5-a7e6-47b3-af8c-76a2e3c13f5d",
                  "isHook": false,
                  "skipped": false
                },
                {
                  "title": "Log In With Old Password Again",
                  "fullTitle": "reset password Reset With New Password Log In With Old Password Again",
                  "timedOut": null,
                  "duration": 39916,
                  "state": "failed",
                  "speed": null,
                  "pass": false,
                  "fail": true,
                  "pending": false,
                  "context": null,
                  "code": "cy.visit(\"https://www.tumblr.com/login\");\ncy.login(LoginPOM, emailAddress, password, false, loginFailMessage);",
                  "err": {
                    "message": "AssertionError: Timed out retrying after 30000ms: Expected to find content: 'Your email or password were incorrect.' but never did.",
                    "estack": "AssertionError: Timed out retrying after 30000ms: Expected to find content: 'Your email or password were incorrect.' but never did.\n    at ./cypress/Utils/log in/pageassertion.js.module.exports.fail (https://www.tumblr.com/__cypress/tests?p=cypress\\support\\index.js:137:6)\n    at Context.eval (https://www.tumblr.com/__cypress/tests?p=cypress\\support\\index.js:198:83)",
                    "diff": null
                  },
                  "uuid": "d7c4165d-a2a5-46b3-96b7-67589667fe1e",
                  "parentUUID": "b4455ab5-a7e6-47b3-af8c-76a2e3c13f5d",
                  "isHook": false,
                  "skipped": false
                },
                {
                  "title": "Log In With New Password Again",
                  "fullTitle": "reset password Reset With New Password Log In With New Password Again",
                  "timedOut": null,
                  "duration": 35949,
                  "state": "failed",
                  "speed": null,
                  "pass": false,
                  "fail": true,
                  "pending": false,
                  "context": null,
                  "code": "cy.visit(\"https://www.tumblr.com/login\");\ncy.login(LoginPOM, emailAddress, newPassword);",
                  "err": {
                    "message": "AssertionError: Timed out retrying after 30000ms: Expected to find element: `div.j8ha0`, but never found it.",
                    "estack": "AssertionError: Timed out retrying after 30000ms: Expected to find element: `div.j8ha0`, but never found it.\n    at ./cypress/Utils/log in/pageassertion.js.module.exports.success (https://www.tumblr.com/__cypress/tests?p=cypress\\support\\index.js:103:25)\n    at Context.eval (https://www.tumblr.com/__cypress/tests?p=cypress\\support\\index.js:198:51)",
                    "diff": null
                  },
                  "uuid": "7349cce5-0e6f-4900-84b1-cb6b8525f035",
                  "parentUUID": "b4455ab5-a7e6-47b3-af8c-76a2e3c13f5d",
                  "isHook": false,
                  "skipped": false
                }
              ],
              "suites": [],
              "passes": [],
              "failures": [
                "78697498-bbc1-4f06-a6be-6ce491e3576d",
                "c38daae2-6755-4191-a3ce-bd4a016b9f49",
                "97f2d252-e58a-4d2b-8b95-dd99f6c174b1",
                "20df9275-8e11-4bcb-9b39-adccbfe57541",
                "d562db8a-8bd3-47ce-898b-6d3fc3fcdc3e",
                "686b807d-51cf-4a2f-b0e3-e6871760d9d3",
                "d7c4165d-a2a5-46b3-96b7-67589667fe1e",
                "7349cce5-0e6f-4900-84b1-cb6b8525f035"
              ],
              "pending": [],
              "skipped": [],
              "duration": 80351,
              "root": false,
              "rootEmpty": false,
              "_timeout": 2000
            },
            {
              "uuid": "cfffb974-0c2f-4af5-b7da-6f2299fa63e4",
              "title": "Reset With Old Password",
              "fullFile": "",
              "file": "",
              "beforeHooks": [],
              "afterHooks": [],
              "tests": [
                {
                  "title": "Send Reset Password Email",
                  "fullTitle": "reset password Reset With Old Password Send Reset Password Email",
                  "timedOut": null,
                  "duration": 21334,
                  "state": "failed",
                  "speed": null,
                  "pass": false,
                  "fail": true,
                  "pending": false,
                  "context": null,
                  "code": "openResetPasswordScreen(LoginPOM, ResetPasswordPOM);\ncy.wait(10000);\nResetPasswordPOM.recaptchaChecker().invoke('attr', 'aria-checked').then(isChecked => {\n  expect(isChecked).eq(\"true\");\n});\nInteractWithResetPasswordScreen(ResetPasswordPOM, emailAddress);\ncy.url().should('include', 'forgot_password');\ncy.contains(sentenceChecker[0]);\ncy.contains(sentenceChecker[1]);\ncy.contains(sentenceChecker[2]);\nResetPasswordPOM.doneButton().should(\"exist\").click();\ncy.url().should('eq', \"https://www.tumblr.com/\");",
                  "err": {
                    "message": "AssertionError: expected 'false' to equal 'true'",
                    "estack": "AssertionError: expected 'false' to equal 'true'\n    at Context.eval (https://www.tumblr.com/__cypress/tests?p=cypress\\integration\\Tumbler\\resetpassword.spec.js:506:27)",
                    "diff": "- 'false'\n+ 'true'\n"
                  },
                  "uuid": "ea456609-3239-44de-8f5b-e323eb7843e4",
                  "parentUUID": "cfffb974-0c2f-4af5-b7da-6f2299fa63e4",
                  "isHook": false,
                  "skipped": false
                },
                {
                  "title": "Check Reset Password Email",
                  "fullTitle": "reset password Reset With Old Password Check Reset Password Email",
                  "timedOut": null,
                  "duration": 1877,
                  "state": "failed",
                  "speed": null,
                  "pass": false,
                  "fail": true,
                  "pending": false,
                  "context": null,
                  "code": "cy.mailslurp().then(mailslurp => mailslurp.waitForLatestEmail(password, 30000, false)).then(email => {\n  // verify we received an email\n  assert.isDefined(email);\n  expect(email.subject).to.contain(emailVerificationMessages[0]);\n  resetPasswordLink = email.body.substring(email.body.indexOf(linkExtractStart), email.body.indexOf(linkExtractEnd)).substr(linkExtractIndex);\n});",
                  "err": {
                    "message": "AssertionError: expected 'Your account has been logged into.' to include 'Tumblr Password'",
                    "estack": "AssertionError: expected 'Your account has been logged into.' to include 'Tumblr Password'\n    at Context.eval (https://www.tumblr.com/__cypress/tests?p=cypress\\integration\\Tumbler\\resetpassword.spec.js:520:9)",
                    "diff": null
                  },
                  "uuid": "2dfb1ab9-f290-477a-bae3-ade695365810",
                  "parentUUID": "cfffb974-0c2f-4af5-b7da-6f2299fa63e4",
                  "isHook": false,
                  "skipped": false
                },
                {
                  "title": "Reset Password With Old Password",
                  "fullTitle": "reset password Reset With Old Password Reset Password With Old Password",
                  "timedOut": null,
                  "duration": 981,
                  "state": "failed",
                  "speed": null,
                  "pass": false,
                  "fail": true,
                  "pending": false,
                  "context": null,
                  "code": "cy.visit(resetPasswordLink);\ncy.url().should('include', 'reset_password');\nResetPasswordPOM.emailFromEmailField(emailAddress).should('have.value', emailAddress);\nResetPasswordPOM.newPasswordFromEmailField().type(password);\nResetPasswordPOM.confirmNewPasswordFromEmailField().type(password);\nResetPasswordPOM.setNewPasswordButton().click();\ncy.url().should('not.include', 'reset_password');\ncy.url().should('include', 'dashboard');\n(0, _pageassertion.success)();",
                  "err": {
                    "message": "CypressError: `cy.visit()` must be called with a `url` or an `options` object containing a `url` as its 1st argument\n\nhttps://on.cypress.io/visit",
                    "estack": "CypressError: `cy.visit()` must be called with a `url` or an `options` object containing a `url` as its 1st argument\n\nhttps://on.cypress.io/visit\n    at Context.visit (https://www.tumblr.com/__cypress/runner/cypress_runner.js:157797:78)\nFrom Your Spec Code:\n    at Context.eval (https://www.tumblr.com/__cypress/tests?p=cypress\\integration\\Tumbler\\resetpassword.spec.js:525:10)",
                    "diff": null
                  },
                  "uuid": "57a01ad0-eb4f-4e25-8e55-d12ff85cbaee",
                  "parentUUID": "cfffb974-0c2f-4af5-b7da-6f2299fa63e4",
                  "isHook": false,
                  "skipped": false
                },
                {
                  "title": "Log In With Old Password Again",
                  "fullTitle": "reset password Reset With Old Password Log In With Old Password Again",
                  "timedOut": null,
                  "duration": 18358,
                  "state": "passed",
                  "speed": "slow",
                  "pass": true,
                  "fail": false,
                  "pending": false,
                  "context": null,
                  "code": "cy.visit(\"https://www.tumblr.com/login\");\ncy.login(LoginPOM, emailAddress, password);",
                  "err": {},
                  "uuid": "15cf3be4-b520-40ad-b07f-efef78cb3d37",
                  "parentUUID": "cfffb974-0c2f-4af5-b7da-6f2299fa63e4",
                  "isHook": false,
                  "skipped": false
                },
                {
                  "title": "Log In With New Password Again",
                  "fullTitle": "reset password Reset With Old Password Log In With New Password Again",
                  "timedOut": null,
                  "duration": 5896,
                  "state": "passed",
                  "speed": "medium",
                  "pass": true,
                  "fail": false,
                  "pending": false,
                  "context": null,
                  "code": "cy.visit(\"https://www.tumblr.com/login\");\ncy.login(LoginPOM, emailAddress, newPassword, false, loginFailMessage);",
                  "err": {},
                  "uuid": "75a8b7b4-5139-41ab-a077-bc3a1260a123",
                  "parentUUID": "cfffb974-0c2f-4af5-b7da-6f2299fa63e4",
                  "isHook": false,
                  "skipped": false
                }
              ],
              "suites": [],
              "passes": [
                "15cf3be4-b520-40ad-b07f-efef78cb3d37",
                "75a8b7b4-5139-41ab-a077-bc3a1260a123"
              ],
              "failures": [
                "ea456609-3239-44de-8f5b-e323eb7843e4",
                "2dfb1ab9-f290-477a-bae3-ade695365810",
                "57a01ad0-eb4f-4e25-8e55-d12ff85cbaee"
              ],
              "pending": [],
              "skipped": [],
              "duration": 48446,
              "root": false,
              "rootEmpty": false,
              "_timeout": 2000
            }
          ],
          "passes": [
            "70dd2b4b-2276-4f05-8206-9db314b23205",
            "36e5d181-5502-4ba8-bc17-c6b5bd3ab85c"
          ],
          "failures": [
            "59e26f17-f30d-4afb-b6b3-f52f86cfb7a4"
          ],
          "pending": [],
          "skipped": [],
          "duration": 39952,
          "root": false,
          "rootEmpty": false,
          "_timeout": 2000
        }
      ],
      "passes": [],
      "failures": [],
      "pending": [],
      "skipped": [],
      "duration": 0,
      "root": true,
      "rootEmpty": true,
      "_timeout": 2000
    },
    {
      "uuid": "c07d2ba0-b0e2-4769-8645-714c52f5f006",
      "title": "",
      "fullFile": "cypress/integration/Tumbler/Signup.spec.js",
      "file": "cypress/integration/Tumbler/Signup.spec.js",
      "beforeHooks": [],
      "afterHooks": [],
      "tests": [],
      "suites": [
        {
          "uuid": "f9da8e6f-8bf3-4461-aac5-65757e41bd15",
          "title": "Signup",
          "fullFile": "",
          "file": "",
          "beforeHooks": [],
          "afterHooks": [],
          "tests": [
            {
              "title": "signup with empty email",
              "fullTitle": "Signup signup with empty email",
              "timedOut": null,
              "duration": 4095,
              "state": "passed",
              "speed": "fast",
              "pass": true,
              "fail": false,
              "pending": false,
              "context": null,
              "code": "SignupPOM.signupButton().click({\n  force: true\n});\nfillSignupData(\"\", password, blogName);\nfailAssertions(emptyEmailMessage);",
              "err": {},
              "uuid": "2ae66b81-f430-4f23-8e22-317fc0cb816a",
              "parentUUID": "f9da8e6f-8bf3-4461-aac5-65757e41bd15",
              "isHook": false,
              "skipped": false
            },
            {
              "title": "signup with empty password",
              "fullTitle": "Signup signup with empty password",
              "timedOut": null,
              "duration": 3563,
              "state": "passed",
              "speed": "fast",
              "pass": true,
              "fail": false,
              "pending": false,
              "context": null,
              "code": "SignupPOM.signupButton().click({\n  force: true\n});\nfillSignupData(email, \"\", blogName);\nfailAssertions(emptyPasswordMessage);",
              "err": {},
              "uuid": "00ff7898-0be5-4b6a-8e8d-6138153402c7",
              "parentUUID": "f9da8e6f-8bf3-4461-aac5-65757e41bd15",
              "isHook": false,
              "skipped": false
            },
            {
              "title": "signup with empty blog name",
              "fullTitle": "Signup signup with empty blog name",
              "timedOut": null,
              "duration": 3192,
              "state": "passed",
              "speed": "fast",
              "pass": true,
              "fail": false,
              "pending": false,
              "context": null,
              "code": "SignupPOM.signupButton().click({\n  force: true\n});\nfillSignupData(email, password, \"\");\nfailAssertions(emptyBlogNameMessage);",
              "err": {},
              "uuid": "90cbc017-5ce5-44c2-b452-dac685acfedf",
              "parentUUID": "f9da8e6f-8bf3-4461-aac5-65757e41bd15",
              "isHook": false,
              "skipped": false
            },
            {
              "title": "signup with empty email and password",
              "fullTitle": "Signup signup with empty email and password",
              "timedOut": null,
              "duration": 2939,
              "state": "passed",
              "speed": "fast",
              "pass": true,
              "fail": false,
              "pending": false,
              "context": null,
              "code": "SignupPOM.signupButton().click({\n  force: true\n});\nfillSignupData(\"\", \"\", blogName);\nfailAssertions(emptyEmailMessage);",
              "err": {},
              "uuid": "5291c5e6-3102-4283-91ec-2d22c4166602",
              "parentUUID": "f9da8e6f-8bf3-4461-aac5-65757e41bd15",
              "isHook": false,
              "skipped": false
            },
            {
              "title": "signup with empty email and blog name",
              "fullTitle": "Signup signup with empty email and blog name",
              "timedOut": null,
              "duration": 3220,
              "state": "passed",
              "speed": "fast",
              "pass": true,
              "fail": false,
              "pending": false,
              "context": null,
              "code": "SignupPOM.signupButton().click({\n  force: true\n});\nfillSignupData(\"\", password, \"\");\nfailAssertions(emptyEmailMessage);",
              "err": {},
              "uuid": "9862ea46-75f6-44a5-9e69-160d19df9104",
              "parentUUID": "f9da8e6f-8bf3-4461-aac5-65757e41bd15",
              "isHook": false,
              "skipped": false
            },
            {
              "title": "signup with empty password and blog name",
              "fullTitle": "Signup signup with empty password and blog name",
              "timedOut": null,
              "duration": 2659,
              "state": "passed",
              "speed": "fast",
              "pass": true,
              "fail": false,
              "pending": false,
              "context": null,
              "code": "SignupPOM.signupButton().click({\n  force: true\n});\nfillSignupData(email, \"\", \"\");\nfailAssertions(emptyPasswordMessage);",
              "err": {},
              "uuid": "4a48af90-2637-41ca-8ca9-00ed1fe35d05",
              "parentUUID": "f9da8e6f-8bf3-4461-aac5-65757e41bd15",
              "isHook": false,
              "skipped": false
            },
            {
              "title": "signup with empty data",
              "fullTitle": "Signup signup with empty data",
              "timedOut": null,
              "duration": 1746,
              "state": "passed",
              "speed": "fast",
              "pass": true,
              "fail": false,
              "pending": false,
              "context": null,
              "code": "SignupPOM.signupButton().click({\n  force: true\n});\nfillSignupData(\"\", \"\", \"\");\nfailAssertions(emptyEmailPasswordAndBlogNameMessage);",
              "err": {},
              "uuid": "9cfe568b-c892-4270-9a6d-c716ba2b7a05",
              "parentUUID": "f9da8e6f-8bf3-4461-aac5-65757e41bd15",
              "isHook": false,
              "skipped": false
            },
            {
              "title": "signup taken email",
              "fullTitle": "Signup signup taken email",
              "timedOut": null,
              "duration": 3685,
              "state": "passed",
              "speed": "fast",
              "pass": true,
              "fail": false,
              "pending": false,
              "context": null,
              "code": "SignupPOM.signupButton().click({\n  force: true\n});\nfillSignupData(takenEmail, password, blogName);\nfailAssertions(takenEmailMessage);",
              "err": {},
              "uuid": "9e969a70-85d1-4a60-bcc0-1eede05282c3",
              "parentUUID": "f9da8e6f-8bf3-4461-aac5-65757e41bd15",
              "isHook": false,
              "skipped": false
            },
            {
              "title": "signup invalid email",
              "fullTitle": "Signup signup invalid email",
              "timedOut": null,
              "duration": 4744,
              "state": "passed",
              "speed": "fast",
              "pass": true,
              "fail": false,
              "pending": false,
              "context": null,
              "code": "SignupPOM.signupButton().click({\n  force: true\n});\nfillSignupData(\"lsdfnfgd.com\", password, blogName);\nfailAssertions(invalidEmailMessage);",
              "err": {},
              "uuid": "3da8adf5-07ae-4fd5-b9d4-8b45ec131f03",
              "parentUUID": "f9da8e6f-8bf3-4461-aac5-65757e41bd15",
              "isHook": false,
              "skipped": false
            },
            {
              "title": "signup valid info but invalid age",
              "fullTitle": "Signup signup valid info but invalid age",
              "timedOut": null,
              "duration": 35368,
              "state": "failed",
              "speed": null,
              "pass": false,
              "fail": true,
              "pending": false,
              "context": null,
              "code": "SignupPOM.signupButton().click({\n  force: true\n});\nfillSignupData(email, password, blogName);\nsuccessAssertions();\nageEntry(10);",
              "err": {
                "message": "AssertionError: Timed out retrying after 30000ms: Expected not to find content: 'Sign up' but continuously found it.",
                "estack": "AssertionError: Timed out retrying after 30000ms: Expected not to find content: 'Sign up' but continuously found it.\n    at successAssertions (https://www.tumblr.com/__cypress/tests?p=cypress\\integration\\Tumbler\\Signup.spec.js:193:26)\n    at Context.eval (https://www.tumblr.com/__cypress/tests?p=cypress\\integration\\Tumbler\\Signup.spec.js:304:5)",
                "diff": null
              },
              "uuid": "ed4df107-650a-4e58-8d3d-6d41075e4a53",
              "parentUUID": "f9da8e6f-8bf3-4461-aac5-65757e41bd15",
              "isHook": false,
              "skipped": false
            },
            {
              "title": "signup valid info and age",
              "fullTitle": "Signup signup valid info and age",
              "timedOut": null,
              "duration": 34460,
              "state": "failed",
              "speed": null,
              "pass": false,
              "fail": true,
              "pending": false,
              "context": null,
              "code": "SignupPOM.signupButton().click({\n  force: true\n});\nfillSignupData(email, password, blogName);\nsuccessAssertions();\nageEntry(18);\ncy.get('button[class = \"onboarding-skip-button\"]').click({\n  force: true\n});",
              "err": {
                "message": "AssertionError: Timed out retrying after 30000ms: Expected not to find content: 'Sign up' but continuously found it.",
                "estack": "AssertionError: Timed out retrying after 30000ms: Expected not to find content: 'Sign up' but continuously found it.\n    at successAssertions (https://www.tumblr.com/__cypress/tests?p=cypress\\integration\\Tumbler\\Signup.spec.js:193:26)\n    at Context.eval (https://www.tumblr.com/__cypress/tests?p=cypress\\integration\\Tumbler\\Signup.spec.js:312:5)",
                "diff": null
              },
              "uuid": "8b4ef900-a9f5-481e-85e2-8fcd59a1b4f8",
              "parentUUID": "f9da8e6f-8bf3-4461-aac5-65757e41bd15",
              "isHook": false,
              "skipped": false
            }
          ],
          "suites": [],
          "passes": [
            "2ae66b81-f430-4f23-8e22-317fc0cb816a",
            "00ff7898-0be5-4b6a-8e8d-6138153402c7",
            "90cbc017-5ce5-44c2-b452-dac685acfedf",
            "5291c5e6-3102-4283-91ec-2d22c4166602",
            "9862ea46-75f6-44a5-9e69-160d19df9104",
            "4a48af90-2637-41ca-8ca9-00ed1fe35d05",
            "9cfe568b-c892-4270-9a6d-c716ba2b7a05",
            "9e969a70-85d1-4a60-bcc0-1eede05282c3",
            "3da8adf5-07ae-4fd5-b9d4-8b45ec131f03"
          ],
          "failures": [
            "ed4df107-650a-4e58-8d3d-6d41075e4a53",
            "8b4ef900-a9f5-481e-85e2-8fcd59a1b4f8"
          ],
          "pending": [],
          "skipped": [],
          "duration": 99671,
          "root": false,
          "rootEmpty": false,
          "_timeout": 2000
        }
      ],
      "passes": [],
      "failures": [],
      "pending": [],
      "skipped": [],
      "duration": 0,
      "root": true,
      "rootEmpty": true,
      "_timeout": 2000
    },
    {
      "uuid": "04211aca-dea3-4a9b-b750-d974c6216462",
      "title": "",
      "fullFile": "cypress/integration/Tumbler/Splash.spec.js",
      "file": "cypress/integration/Tumbler/Splash.spec.js",
      "beforeHooks": [],
      "afterHooks": [],
      "tests": [],
      "suites": [
        {
          "uuid": "de132801-f4c1-4307-891d-26812b9e2279",
          "title": "Splash",
          "fullFile": "",
          "file": "",
          "beforeHooks": [],
          "afterHooks": [],
          "tests": [
            {
              "title": "Routing through main login button",
              "fullTitle": "Splash Routing through main login button",
              "timedOut": null,
              "duration": 11665,
              "state": "passed",
              "speed": "slow",
              "pass": true,
              "fail": false,
              "pending": false,
              "context": null,
              "code": "LoginPOM.loginButton().click({\n  force: true\n});\nloginAssertions();",
              "err": {},
              "uuid": "6ff4cb82-db31-4ce6-8261-bdadb2a0ee8a",
              "parentUUID": "de132801-f4c1-4307-891d-26812b9e2279",
              "isHook": false,
              "skipped": false
            },
            {
              "title": "Routing through App Bar login button",
              "fullTitle": "Splash Routing through App Bar login button",
              "timedOut": null,
              "duration": 4423,
              "state": "passed",
              "speed": "fast",
              "pass": true,
              "fail": false,
              "pending": false,
              "context": null,
              "code": "LoginPOM.appbarLoginButton().click({\n  force: true\n});\nloginAssertions();",
              "err": {},
              "uuid": "f564a34d-6aaa-4dc9-82a8-cdbf6660deff",
              "parentUUID": "de132801-f4c1-4307-891d-26812b9e2279",
              "isHook": false,
              "skipped": false
            },
            {
              "title": "Routing through secondary login button",
              "fullTitle": "Splash Routing through secondary login button",
              "timedOut": null,
              "duration": 2049,
              "state": "passed",
              "speed": "fast",
              "pass": true,
              "fail": false,
              "pending": false,
              "context": null,
              "code": "LoginPOM.secondaryLoginButton().click({\n  force: true\n});\nloginAssertions();",
              "err": {},
              "uuid": "667a951a-af3b-4939-bad7-1ac6346ea16e",
              "parentUUID": "de132801-f4c1-4307-891d-26812b9e2279",
              "isHook": false,
              "skipped": false
            },
            {
              "title": "Rouring through main signup button",
              "fullTitle": "Splash Rouring through main signup button",
              "timedOut": null,
              "duration": 3000,
              "state": "passed",
              "speed": "fast",
              "pass": true,
              "fail": false,
              "pending": false,
              "context": null,
              "code": "SignupPOM.signupButton().click({\n  force: true\n});\nsignupAssertions();",
              "err": {},
              "uuid": "5fd26ba7-fc30-4a49-917f-44acb2901deb",
              "parentUUID": "de132801-f4c1-4307-891d-26812b9e2279",
              "isHook": false,
              "skipped": false
            },
            {
              "title": "Rouring through App Bar signup button",
              "fullTitle": "Splash Rouring through App Bar signup button",
              "timedOut": null,
              "duration": 4106,
              "state": "passed",
              "speed": "fast",
              "pass": true,
              "fail": false,
              "pending": false,
              "context": null,
              "code": "SignupPOM.appbarSignupButton().click({\n  force: true\n});\nsignupAssertions();",
              "err": {},
              "uuid": "ffdc8beb-0978-4cdc-831c-8070aa45944b",
              "parentUUID": "de132801-f4c1-4307-891d-26812b9e2279",
              "isHook": false,
              "skipped": false
            },
            {
              "title": "Rouring through secondary signup button",
              "fullTitle": "Splash Rouring through secondary signup button",
              "timedOut": null,
              "duration": 2220,
              "state": "passed",
              "speed": "fast",
              "pass": true,
              "fail": false,
              "pending": false,
              "context": null,
              "code": "SignupPOM.secondarySignupButton().click({\n  force: true\n});\nsignupAssertions();",
              "err": {},
              "uuid": "6959782d-c9df-4c9d-9052-d2848e151066",
              "parentUUID": "de132801-f4c1-4307-891d-26812b9e2279",
              "isHook": false,
              "skipped": false
            }
          ],
          "suites": [],
          "passes": [
            "6ff4cb82-db31-4ce6-8261-bdadb2a0ee8a",
            "f564a34d-6aaa-4dc9-82a8-cdbf6660deff",
            "667a951a-af3b-4939-bad7-1ac6346ea16e",
            "5fd26ba7-fc30-4a49-917f-44acb2901deb",
            "ffdc8beb-0978-4cdc-831c-8070aa45944b",
            "6959782d-c9df-4c9d-9052-d2848e151066"
          ],
          "failures": [],
          "pending": [],
          "skipped": [],
          "duration": 27463,
          "root": false,
          "rootEmpty": false,
          "_timeout": 2000
        }
      ],
      "passes": [],
      "failures": [],
      "pending": [],
      "skipped": [],
      "duration": 0,
      "root": true,
      "rootEmpty": true,
      "_timeout": 2000
    },
    {
      "uuid": "0ad657de-25ea-4320-abcb-4f3f4dc1b4db",
      "title": "",
      "fullFile": "cypress/integration/Tumbler/UserAuths.spec.js",
      "file": "cypress/integration/Tumbler/UserAuths.spec.js",
      "beforeHooks": [],
      "afterHooks": [],
      "tests": [],
      "suites": [
        {
          "uuid": "1b290dee-632a-4ef1-a3ff-46249e1f03a8",
          "title": "Authorizations",
          "fullFile": "",
          "file": "",
          "beforeHooks": [],
          "afterHooks": [],
          "tests": [
            {
              "title": "access blog without sign in",
              "fullTitle": "Authorizations access blog without sign in",
              "timedOut": null,
              "duration": 12019,
              "state": "passed",
              "speed": "slow",
              "pass": true,
              "fail": false,
              "pending": false,
              "context": null,
              "code": "cy.visit(blogLink);\n(0, _pageassertion.noAuth)();",
              "err": {},
              "uuid": "eedd9a57-6dbd-4b7b-8b08-e087b50fb1ea",
              "parentUUID": "1b290dee-632a-4ef1-a3ff-46249e1f03a8",
              "isHook": false,
              "skipped": false
            },
            {
              "title": "sign in and access different blog",
              "fullTitle": "Authorizations sign in and access different blog",
              "timedOut": null,
              "duration": 38077,
              "state": "failed",
              "speed": null,
              "pass": false,
              "fail": true,
              "pending": false,
              "context": null,
              "code": "LoginPOM.loginButton().click({\n  force: true\n});\nfillEmailAndPassword(email, password);\ncy.visit(blogLink);\n(0, _pageassertion.noAuth)();",
              "err": {
                "message": "AssertionError: Timed out retrying after 30000ms: Too many elements found. Found '1', expected '0'.",
                "estack": "AssertionError: Timed out retrying after 30000ms: Too many elements found. Found '1', expected '0'.\n    at ./cypress/Utils/log in/pageassertion.js.module.exports.noAuth (https://www.tumblr.com/__cypress/tests?p=cypress\\integration\\Tumbler\\UserAuths.spec.js:200:23)\n    at Context.eval (https://www.tumblr.com/__cypress/tests?p=cypress\\integration\\Tumbler\\UserAuths.spec.js:264:31)",
                "diff": null
              },
              "uuid": "50e7bf71-95a0-46bf-aa82-6a91fd9a2fcd",
              "parentUUID": "1b290dee-632a-4ef1-a3ff-46249e1f03a8",
              "isHook": false,
              "skipped": false
            }
          ],
          "suites": [],
          "passes": [
            "eedd9a57-6dbd-4b7b-8b08-e087b50fb1ea"
          ],
          "failures": [
            "50e7bf71-95a0-46bf-aa82-6a91fd9a2fcd"
          ],
          "pending": [],
          "skipped": [],
          "duration": 50096,
          "root": false,
          "rootEmpty": false,
          "_timeout": 2000
        }
      ],
      "passes": [],
      "failures": [],
      "pending": [],
      "skipped": [],
      "duration": 0,
      "root": true,
      "rootEmpty": true,
      "_timeout": 2000
    },
    {
      "uuid": "91a1f53f-a339-48c3-9e9c-3007a6035e0b",
      "title": "",
      "fullFile": "cypress/integration/Tumbler/Basic.spec.js",
      "file": "cypress/integration/Tumbler/Basic.spec.js",
      "beforeHooks": [],
      "afterHooks": [],
      "tests": [],
      "suites": [
        {
          "uuid": "f4478e5b-4a0c-442a-87d6-a7a96457c6e2",
          "title": "Basic",
          "fullFile": "",
          "file": "",
          "beforeHooks": [],
          "afterHooks": [],
          "tests": [
            {
              "title": "when reload the page the background changes",
              "fullTitle": "Basic when reload the page the background changes",
              "timedOut": null,
              "duration": 6130,
              "state": "passed",
              "speed": "medium",
              "pass": true,
              "fail": false,
              "pending": false,
              "context": null,
              "code": "cy.get('img[loading=\"lazy\"]').invoke('attr', 'srcset').then(prevBackground => {\n  cy.reload();\n  cy.get('img[loading=\"lazy\"]').invoke('attr', 'srcset').then(currBackground => {\n    expect(currBackground).to.not.eq(prevBackground);\n  });\n});",
              "err": {},
              "uuid": "bd9c4f6d-3a93-4c92-9b6b-88f8a2284d81",
              "parentUUID": "f4478e5b-4a0c-442a-87d6-a7a96457c6e2",
              "isHook": false,
              "skipped": false
            }
          ],
          "suites": [],
          "passes": [
            "bd9c4f6d-3a93-4c92-9b6b-88f8a2284d81"
          ],
          "failures": [],
          "pending": [],
          "skipped": [],
          "duration": 6130,
          "root": false,
          "rootEmpty": false,
          "_timeout": 2000
        }
      ],
      "passes": [],
      "failures": [],
      "pending": [],
      "skipped": [],
      "duration": 0,
      "root": true,
      "rootEmpty": true,
      "_timeout": 2000
    }
  ],
  "meta": {
    "mocha": {
      "version": "7.0.1"
    },
    "mochawesome": {
      "options": {
        "quiet": false,
        "reportFilename": "mochawesome",
        "saveHtml": true,
        "saveJson": true,
        "consoleReporter": "spec",
        "useInlineDiffs": false,
        "code": true
      },
      "version": "7.0.1"
    },
    "marge": {
      "options": {
        "id": "default",
        "reportDir": "cypress/reports/mocha",
        "quite": true,
        "overwrite": false,
        "video": true,
        "html": true,
        "json": true
      },
      "version": "6.0.1"
    }
  }
}