{
  "stats": {
    "suites": 1,
    "tests": 1,
    "passes": 1,
    "pending": 0,
    "failures": 0,
    "start": "2021-12-30T23:35:17.809Z",
    "end": "2021-12-30T23:35:47.262Z",
    "duration": 29453,
    "testsRegistered": 1,
    "passPercent": 100,
    "pendingPercent": 0,
    "other": 0,
    "hasOther": false,
    "skipped": 0,
    "hasSkipped": false
  },
  "results": [
    {
      "uuid": "216bda60-4249-4026-afba-a002e48cdf74",
      "title": "",
      "fullFile": "cypress/integration/Tumbler/Stress.spec.js",
      "file": "cypress/integration/Tumbler/Stress.spec.js",
      "beforeHooks": [],
      "afterHooks": [],
      "tests": [],
      "suites": [
        {
          "uuid": "9c8f15b4-9f0e-4793-b605-3a7a7e1f393a",
          "title": "Stress",
          "fullFile": "",
          "file": "",
          "beforeHooks": [],
          "afterHooks": [],
          "tests": [
            {
              "title": "when reload the page the background changes",
              "fullTitle": "Stress when reload the page the background changes",
              "timedOut": null,
              "duration": 29427,
              "state": "passed",
              "speed": "slow",
              "pass": true,
              "fail": false,
              "pending": false,
              "context": null,
              "code": "cy.visit('https://beta.cmplr.tech/');",
              "err": {},
              "uuid": "2bdd05ac-763d-49b7-ab8f-c4fa428e40c0",
              "parentUUID": "9c8f15b4-9f0e-4793-b605-3a7a7e1f393a",
              "isHook": false,
              "skipped": false
            }
          ],
          "suites": [],
          "passes": [
            "2bdd05ac-763d-49b7-ab8f-c4fa428e40c0"
          ],
          "failures": [],
          "pending": [],
          "skipped": [],
          "duration": 29427,
          "root": false,
          "rootEmpty": false,
          "_timeout": 2000
        }
      ],
      "passes": [],
      "failures": [],
      "pending": [],
      "skipped": [],
      "duration": 0,
      "root": true,
      "rootEmpty": true,
      "_timeout": 2000
    }
  ],
  "meta": {
    "mocha": {
      "version": "7.0.1"
    },
    "mochawesome": {
      "options": {
        "quiet": false,
        "reportFilename": "mochawesome",
        "saveHtml": true,
        "saveJson": true,
        "consoleReporter": "spec",
        "useInlineDiffs": false,
        "code": true
      },
      "version": "7.0.1"
    },
    "marge": {
      "options": {
        "id": "default",
        "reportDir": "cypress/reports/mocha",
        "quite": true,
        "overwrite": false,
        "video": false,
        "html": true,
        "json": true
      },
      "version": "6.0.1"
    }
  }
}