{
  "stats": {
    "suites": 1,
    "tests": 1,
    "passes": 1,
    "pending": 0,
    "failures": 0,
    "start": "2021-12-30T23:32:18.764Z",
    "end": "2021-12-30T23:32:49.721Z",
    "duration": 30957,
    "testsRegistered": 1,
    "passPercent": 100,
    "pendingPercent": 0,
    "other": 0,
    "hasOther": false,
    "skipped": 0,
    "hasSkipped": false
  },
  "results": [
    {
      "uuid": "b446d1bd-6c99-4e54-8c8a-d7a13cc61a6d",
      "title": "",
      "fullFile": "cypress/integration/Tumbler/Stress.spec.js",
      "file": "cypress/integration/Tumbler/Stress.spec.js",
      "beforeHooks": [],
      "afterHooks": [],
      "tests": [],
      "suites": [
        {
          "uuid": "28118abb-6c17-4b6d-95dd-f26a1dd9c4bf",
          "title": "Stress",
          "fullFile": "",
          "file": "",
          "beforeHooks": [],
          "afterHooks": [],
          "tests": [
            {
              "title": "when reload the page the background changes",
              "fullTitle": "Stress when reload the page the background changes",
              "timedOut": null,
              "duration": 30914,
              "state": "passed",
              "speed": "slow",
              "pass": true,
              "fail": false,
              "pending": false,
              "context": null,
              "code": "cy.visit('https://beta.cmplr.tech/');",
              "err": {},
              "uuid": "00d16bdb-0bbb-4e33-91c4-4aa9c0339e63",
              "parentUUID": "28118abb-6c17-4b6d-95dd-f26a1dd9c4bf",
              "isHook": false,
              "skipped": false
            }
          ],
          "suites": [],
          "passes": [
            "00d16bdb-0bbb-4e33-91c4-4aa9c0339e63"
          ],
          "failures": [],
          "pending": [],
          "skipped": [],
          "duration": 30914,
          "root": false,
          "rootEmpty": false,
          "_timeout": 2000
        }
      ],
      "passes": [],
      "failures": [],
      "pending": [],
      "skipped": [],
      "duration": 0,
      "root": true,
      "rootEmpty": true,
      "_timeout": 2000
    }
  ],
  "meta": {
    "mocha": {
      "version": "7.0.1"
    },
    "mochawesome": {
      "options": {
        "quiet": false,
        "reportFilename": "mochawesome",
        "saveHtml": true,
        "saveJson": true,
        "consoleReporter": "spec",
        "useInlineDiffs": false,
        "code": true
      },
      "version": "7.0.1"
    },
    "marge": {
      "options": {
        "id": "default",
        "reportDir": "cypress/reports/mocha",
        "quite": true,
        "overwrite": false,
        "video": false,
        "html": true,
        "json": true
      },
      "version": "6.0.1"
    }
  }
}