{
  "stats": {
    "suites": 1,
    "tests": 1,
    "passes": 1,
    "pending": 0,
    "failures": 0,
    "start": "2021-12-30T23:21:15.490Z",
    "end": "2021-12-30T23:22:09.081Z",
    "duration": 53591,
    "testsRegistered": 1,
    "passPercent": 100,
    "pendingPercent": 0,
    "other": 0,
    "hasOther": false,
    "skipped": 0,
    "hasSkipped": false
  },
  "results": [
    {
      "uuid": "9b12ca4e-2afd-4b04-952d-1796ebcd4bc6",
      "title": "",
      "fullFile": "cypress/integration/Tumbler/Basic.spec.js",
      "file": "cypress/integration/Tumbler/Basic.spec.js",
      "beforeHooks": [],
      "afterHooks": [],
      "tests": [],
      "suites": [
        {
          "uuid": "97384f65-640d-4d9d-83bb-1ba292036f67",
          "title": "Basic",
          "fullFile": "",
          "file": "",
          "beforeHooks": [],
          "afterHooks": [],
          "tests": [
            {
              "title": "when reload the page the background changes",
              "fullTitle": "Basic when reload the page the background changes",
              "timedOut": null,
              "duration": 53549,
              "state": "passed",
              "speed": "slow",
              "pass": true,
              "fail": false,
              "pending": false,
              "context": null,
              "code": "cy.get('section[data-testid=\"home-sec1\"]').invoke(\"attr\", \"style\").then(prevBackground => {\n  cy.log(prevBackground);\n  cy.reload();\n  cy.get('section[data-testid=\"home-sec1\"]').invoke(\"attr\", \"style\").then(currBackground => {\n    cy.log(prevBackground);\n    expect(currBackground).to.not.eq(prevBackground);\n  });\n});",
              "err": {},
              "uuid": "3129da91-7714-4918-a6e6-71a6e1c09ee8",
              "parentUUID": "97384f65-640d-4d9d-83bb-1ba292036f67",
              "isHook": false,
              "skipped": false
            }
          ],
          "suites": [],
          "passes": [
            "3129da91-7714-4918-a6e6-71a6e1c09ee8"
          ],
          "failures": [],
          "pending": [],
          "skipped": [],
          "duration": 53549,
          "root": false,
          "rootEmpty": false,
          "_timeout": 2000
        }
      ],
      "passes": [],
      "failures": [],
      "pending": [],
      "skipped": [],
      "duration": 0,
      "root": true,
      "rootEmpty": true,
      "_timeout": 2000
    }
  ],
  "meta": {
    "mocha": {
      "version": "7.0.1"
    },
    "mochawesome": {
      "options": {
        "quiet": false,
        "reportFilename": "mochawesome",
        "saveHtml": true,
        "saveJson": true,
        "consoleReporter": "spec",
        "useInlineDiffs": false,
        "code": true
      },
      "version": "7.0.1"
    },
    "marge": {
      "options": {
        "id": "default",
        "reportDir": "cypress/reports/mocha",
        "quite": true,
        "overwrite": false,
        "video": false,
        "html": true,
        "json": true
      },
      "version": "6.0.1"
    }
  }
}